Release 14.4 Xflow P.49d (lin64)
Copyright (c) 1995-2012 Xilinx, Inc.  All rights reserved.
xflow -wd implementation -p xc4vlx60ff668-10 -implement xflow.opt system.ngc  
PMSPEC -- Overriding Xilinx file
</opt/Xilinx/14.4/ISE_DS/EDK/virtex4/data/virtex4.acd> with local file
</opt/Xilinx/14.4/ISE_DS/ISE/virtex4/data/virtex4.acd>

Using Flow File: /home/adam/RO-PUF/XPS-workspace/hw/implementation/fpga.flw 
Using Option File(s): 
 /home/adam/RO-PUF/XPS-workspace/hw/implementation/xflow.opt 

Creating Script File ... 

#----------------------------------------------#
# Starting program ngdbuild
# ngdbuild -p xc4vlx60ff668-10 -nt timestamp -bm system.bmm
"/home/adam/RO-PUF/XPS-workspace/hw/implementation/system.ngc" -uc system.ucf
system.ngd 
#----------------------------------------------#
Release 14.4 - ngdbuild P.49d (lin64)
Copyright (c) 1995-2012 Xilinx, Inc.  All rights reserved.
PMSPEC -- Overriding Xilinx file
</opt/Xilinx/14.4/ISE_DS/EDK/virtex4/data/virtex4.acd> with local file
</opt/Xilinx/14.4/ISE_DS/ISE/virtex4/data/virtex4.acd>

Command Line: /opt/Xilinx/14.4/ISE_DS/ISE/bin/lin64/unwrapped/ngdbuild -p
xc4vlx60ff668-10 -nt timestamp -bm system.bmm
/home/adam/RO-PUF/XPS-workspace/hw/implementation/system.ngc -uc system.ucf
system.ngd

Reading NGO file "/home/adam/RO-PUF/XPS-workspace/hw/implementation/system.ngc"
...
Loading design module
"/home/adam/RO-PUF/XPS-workspace/hw/implementation/system_xps_timer_0_wrapper.ng
c"...
Loading design module
"/home/adam/RO-PUF/XPS-workspace/hw/implementation/system_xps_intc_0_wrapper.ngc
"...
Loading design module
"/home/adam/RO-PUF/XPS-workspace/hw/implementation/system_proc_sys_reset_0_wrapp
er.ngc"...
Loading design module
"/home/adam/RO-PUF/XPS-workspace/hw/implementation/system_microblaze_0_wrapper.n
gc"...
Loading design module
"/home/adam/RO-PUF/XPS-workspace/hw/implementation/system_mdm_0_wrapper.ngc"...
Loading design module
"/home/adam/RO-PUF/XPS-workspace/hw/implementation/system_mb_plb_wrapper.ngc"...
Loading design module
"/home/adam/RO-PUF/XPS-workspace/hw/implementation/system_lmb_bram_wrapper.ngc".
..
Loading design module
"/home/adam/RO-PUF/XPS-workspace/hw/implementation/system_ilmb_cntlr_wrapper.ngc
"...
Loading design module
"/home/adam/RO-PUF/XPS-workspace/hw/implementation/system_ilmb_wrapper.ngc"...
Loading design module
"/home/adam/RO-PUF/XPS-workspace/hw/implementation/system_dut_control_core_0_wra
pper.ngc"...
Loading design module
"/home/adam/RO-PUF/XPS-workspace/hw/implementation/system_dlmb_cntlr_wrapper.ngc
"...
Loading design module
"/home/adam/RO-PUF/XPS-workspace/hw/implementation/system_dlmb_wrapper.ngc"...
Loading design module
"/home/adam/RO-PUF/XPS-workspace/hw/implementation/system_clock_generator_0_wrap
per.ngc"...
Loading design module
"/home/adam/RO-PUF/XPS-workspace/hw/implementation/system_rs232_uart_1_wrapper.n
gc"...
Loading design module
"/home/adam/RO-PUF/XPS-workspace/hw/implementation/system_orgate_1_wrapper.ngc".
..
Loading design module
"/home/adam/RO-PUF/XPS-workspace/hw/implementation/system_ring_osc_0_wrapper.ngc
"...
Loading device for application Rf_Device from file '4vlx60.nph' in environment
/opt/Xilinx/14.4/ISE_DS/ISE/:/opt/Xilinx/14.4/ISE_DS/EDK.
   "inverter" is an NCD, version 3.2, device xc4vlx60, package ff668, speed -11
This design is using the default stepping level (major silicon revision) for
this device (1). Unless your design is targeted at devices of this stepping
level, it is recommended that you explicitly specify the stepping level of the
parts you will be using. This will allow the tools to take advantage of any
available performance and functional enhancements for this device. The latest
stepping level for this device is '2'. Additional information on "stepping
level" is available at support.xilinx.com.
======   "nandgate" is an NCD, version 3.2, device xc4vlx60, package ff668, speed -11
This design is using the default stepping level (major silicon revision) for
this device (1). Unless your design is targeted at devices of this stepping
level, it is recommended that you explicitly specify the stepping level of the
parts you will be using. This will allow the tools to take advantage of any
available performance and functional enhancements for this device. The latest
stepping level for this device is '2'. Additional information on "stepping
level" is available at support.xilinx.com.
======Loading design module
"/home/adam/RO-PUF/XPS-workspace/hw/implementation/system_ring_osc_1_wrapper.ngc
"...
Loading design module
"/home/adam/RO-PUF/XPS-workspace/hw/implementation/system_ring_osc_2_wrapper.ngc
"...
Loading design module
"/home/adam/RO-PUF/XPS-workspace/hw/implementation/system_ring_osc_3_wrapper.ngc
"...
Loading design module
"/home/adam/RO-PUF/XPS-workspace/hw/implementation/system_ring_osc_4_wrapper.ngc
"...
Loading design module
"/home/adam/RO-PUF/XPS-workspace/hw/implementation/system_ring_osc_5_wrapper.ngc
"...
Loading design module
"/home/adam/RO-PUF/XPS-workspace/hw/implementation/system_ring_osc_6_wrapper.ngc
"...
Loading design module
"/home/adam/RO-PUF/XPS-workspace/hw/implementation/system_ring_osc_7_wrapper.ngc
"...
Gathering constraint information from source properties...
Done.

Annotating constraints to design from ucf file "system.ucf" ...
Resolving constraint associations...
Checking Constraint Associations...
INFO:ConstraintSystem:178 - TNM 'sys_clk_pin', used in period specification
   'TS_sys_clk_pin', was traced into DCM_ADV instance
   clock_generator_0/DCM0_INST/Using_DCM_ADV.DCM_ADV_INST. The following new TNM
   groups and period specifications were generated at the DCM_ADV output(s): 
   CLK0: <TIMESPEC TS_clock_generator_0_clock_generator_0_SIG_DCM0_CLK0 = PERIOD
   "clock_generator_0_clock_generator_0_SIG_DCM0_CLK0" TS_sys_clk_pin HIGH 50%>

Done...

Processing BMM file "system.bmm" ...

INFO:NgdBuild:1222 - Setting CLKIN_PERIOD attribute associated with DCM instance
   clock_generator_0/DCM0_INST/Using_DCM_ADV.DCM_ADV_INST to 10.000000 ns based
   on the period specification (<TIMESPEC TS_sys_clk_pin = PERIOD "sys_clk_pin"
   100000 KHz;> [system.ucf(34)]).
Checking expanded design ...
WARNING:NgdBuild:443 - SFF primitive
   'xps_timer_0/xps_timer_0/TC_CORE_I/TIMER_CONTROL_I/TCSR0_GENERATE[0].TCSR0_FF
   _I' has unconnected output pin
WARNING:NgdBuild:443 - SFF primitive
   'xps_timer_0/xps_timer_0/TC_CORE_I/TIMER_CONTROL_I/TCSR0_GENERATE[1].TCSR0_FF
   _I' has unconnected output pin
WARNING:NgdBuild:443 - SFF primitive
   'xps_timer_0/xps_timer_0/TC_CORE_I/TIMER_CONTROL_I/TCSR0_GENERATE[2].TCSR0_FF
   _I' has unconnected output pin
WARNING:NgdBuild:443 - SFF primitive
   'xps_timer_0/xps_timer_0/TC_CORE_I/TIMER_CONTROL_I/TCSR0_GENERATE[3].TCSR0_FF
   _I' has unconnected output pin
WARNING:NgdBuild:443 - SFF primitive
   'xps_timer_0/xps_timer_0/TC_CORE_I/TIMER_CONTROL_I/TCSR0_GENERATE[4].TCSR0_FF
   _I' has unconnected output pin
WARNING:NgdBuild:443 - SFF primitive
   'xps_timer_0/xps_timer_0/TC_CORE_I/TIMER_CONTROL_I/TCSR0_GENERATE[5].TCSR0_FF
   _I' has unconnected output pin
WARNING:NgdBuild:443 - SFF primitive
   'xps_timer_0/xps_timer_0/TC_CORE_I/TIMER_CONTROL_I/TCSR0_GENERATE[6].TCSR0_FF
   _I' has unconnected output pin
WARNING:NgdBuild:443 - SFF primitive
   'xps_timer_0/xps_timer_0/TC_CORE_I/TIMER_CONTROL_I/TCSR0_GENERATE[7].TCSR0_FF
   _I' has unconnected output pin
WARNING:NgdBuild:443 - SFF primitive
   'xps_timer_0/xps_timer_0/TC_CORE_I/TIMER_CONTROL_I/TCSR0_GENERATE[8].TCSR0_FF
   _I' has unconnected output pin
WARNING:NgdBuild:443 - SFF primitive
   'xps_timer_0/xps_timer_0/TC_CORE_I/TIMER_CONTROL_I/TCSR0_GENERATE[9].TCSR0_FF
   _I' has unconnected output pin
WARNING:NgdBuild:443 - SFF primitive
   'xps_timer_0/xps_timer_0/TC_CORE_I/TIMER_CONTROL_I/TCSR0_GENERATE[10].TCSR0_F
   F_I' has unconnected output pin
WARNING:NgdBuild:443 - SFF primitive
   'xps_timer_0/xps_timer_0/TC_CORE_I/TIMER_CONTROL_I/TCSR0_GENERATE[11].TCSR0_F
   F_I' has unconnected output pin
WARNING:NgdBuild:443 - SFF primitive
   'xps_timer_0/xps_timer_0/TC_CORE_I/TIMER_CONTROL_I/TCSR0_GENERATE[12].TCSR0_F
   F_I' has unconnected output pin
WARNING:NgdBuild:443 - SFF primitive
   'xps_timer_0/xps_timer_0/TC_CORE_I/TIMER_CONTROL_I/TCSR0_GENERATE[13].TCSR0_F
   F_I' has unconnected output pin
WARNING:NgdBuild:443 - SFF primitive
   'xps_timer_0/xps_timer_0/TC_CORE_I/TIMER_CONTROL_I/TCSR0_GENERATE[14].TCSR0_F
   F_I' has unconnected output pin
WARNING:NgdBuild:443 - SFF primitive
   'xps_timer_0/xps_timer_0/TC_CORE_I/TIMER_CONTROL_I/TCSR0_GENERATE[15].TCSR0_F
   F_I' has unconnected output pin
WARNING:NgdBuild:443 - SFF primitive
   'xps_timer_0/xps_timer_0/TC_CORE_I/TIMER_CONTROL_I/TCSR0_GENERATE[16].TCSR0_F
   F_I' has unconnected output pin
WARNING:NgdBuild:443 - SFF primitive
   'xps_timer_0/xps_timer_0/TC_CORE_I/TIMER_CONTROL_I/TCSR0_GENERATE[17].TCSR0_F
   F_I' has unconnected output pin
WARNING:NgdBuild:443 - SFF primitive
   'xps_timer_0/xps_timer_0/TC_CORE_I/TIMER_CONTROL_I/TCSR0_GENERATE[18].TCSR0_F
   F_I' has unconnected output pin
WARNING:NgdBuild:443 - SFF primitive
   'xps_timer_0/xps_timer_0/TC_CORE_I/TIMER_CONTROL_I/TCSR0_GENERATE[19].TCSR0_F
   F_I' has unconnected output pin
WARNING:NgdBuild:443 - SFF primitive
   'xps_timer_0/xps_timer_0/TC_CORE_I/TIMER_CONTROL_I/TCSR0_GENERATE[20].TCSR0_F
   F_I' has unconnected output pin
WARNING:NgdBuild:443 - SFF primitive
   'xps_timer_0/xps_timer_0/TC_CORE_I/TIMER_CONTROL_I/TCSR1_GENERATE[0].TCSR1_FF
   _I' has unconnected output pin
WARNING:NgdBuild:443 - SFF primitive
   'xps_timer_0/xps_timer_0/TC_CORE_I/TIMER_CONTROL_I/TCSR1_GENERATE[1].TCSR1_FF
   _I' has unconnected output pin
WARNING:NgdBuild:443 - SFF primitive
   'xps_timer_0/xps_timer_0/TC_CORE_I/TIMER_CONTROL_I/TCSR1_GENERATE[2].TCSR1_FF
   _I' has unconnected output pin
WARNING:NgdBuild:443 - SFF primitive
   'xps_timer_0/xps_timer_0/TC_CORE_I/TIMER_CONTROL_I/TCSR1_GENERATE[3].TCSR1_FF
   _I' has unconnected output pin
WARNING:NgdBuild:443 - SFF primitive
   'xps_timer_0/xps_timer_0/TC_CORE_I/TIMER_CONTROL_I/TCSR1_GENERATE[4].TCSR1_FF
   _I' has unconnected output pin
WARNING:NgdBuild:443 - SFF primitive
   'xps_timer_0/xps_timer_0/TC_CORE_I/TIMER_CONTROL_I/TCSR1_GENERATE[5].TCSR1_FF
   _I' has unconnected output pin
WARNING:NgdBuild:443 - SFF primitive
   'xps_timer_0/xps_timer_0/TC_CORE_I/TIMER_CONTROL_I/TCSR1_GENERATE[6].TCSR1_FF
   _I' has unconnected output pin
WARNING:NgdBuild:443 - SFF primitive
   'xps_timer_0/xps_timer_0/TC_CORE_I/TIMER_CONTROL_I/TCSR1_GENERATE[7].TCSR1_FF
   _I' has unconnected output pin
WARNING:NgdBuild:443 - SFF primitive
   'xps_timer_0/xps_timer_0/TC_CORE_I/TIMER_CONTROL_I/TCSR1_GENERATE[8].TCSR1_FF
   _I' has unconnected output pin
WARNING:NgdBuild:443 - SFF primitive
   'xps_timer_0/xps_timer_0/TC_CORE_I/TIMER_CONTROL_I/TCSR1_GENERATE[9].TCSR1_FF
   _I' has unconnected output pin
WARNING:NgdBuild:443 - SFF primitive
   'xps_timer_0/xps_timer_0/TC_CORE_I/TIMER_CONTROL_I/TCSR1_GENERATE[10].TCSR1_F
   F_I' has unconnected output pin
WARNING:NgdBuild:443 - SFF primitive
   'xps_timer_0/xps_timer_0/TC_CORE_I/TIMER_CONTROL_I/TCSR1_GENERATE[11].TCSR1_F
   F_I' has unconnected output pin
WARNING:NgdBuild:443 - SFF primitive
   'xps_timer_0/xps_timer_0/TC_CORE_I/TIMER_CONTROL_I/TCSR1_GENERATE[12].TCSR1_F
   F_I' has unconnected output pin
WARNING:NgdBuild:443 - SFF primitive
   'xps_timer_0/xps_timer_0/TC_CORE_I/TIMER_CONTROL_I/TCSR1_GENERATE[13].TCSR1_F
   F_I' has unconnected output pin
WARNING:NgdBuild:443 - SFF primitive
   'xps_timer_0/xps_timer_0/TC_CORE_I/TIMER_CONTROL_I/TCSR1_GENERATE[14].TCSR1_F
   F_I' has unconnected output pin
WARNING:NgdBuild:443 - SFF primitive
   'xps_timer_0/xps_timer_0/TC_CORE_I/TIMER_CONTROL_I/TCSR1_GENERATE[15].TCSR1_F
   F_I' has unconnected output pin
WARNING:NgdBuild:443 - SFF primitive
   'xps_timer_0/xps_timer_0/TC_CORE_I/TIMER_CONTROL_I/TCSR1_GENERATE[16].TCSR1_F
   F_I' has unconnected output pin
WARNING:NgdBuild:443 - SFF primitive
   'xps_timer_0/xps_timer_0/TC_CORE_I/TIMER_CONTROL_I/TCSR1_GENERATE[17].TCSR1_F
   F_I' has unconnected output pin
WARNING:NgdBuild:443 - SFF primitive
   'xps_timer_0/xps_timer_0/TC_CORE_I/TIMER_CONTROL_I/TCSR1_GENERATE[18].TCSR1_F
   F_I' has unconnected output pin
WARNING:NgdBuild:443 - SFF primitive
   'xps_timer_0/xps_timer_0/TC_CORE_I/TIMER_CONTROL_I/TCSR1_GENERATE[19].TCSR1_F
   F_I' has unconnected output pin
WARNING:NgdBuild:443 - SFF primitive
   'xps_timer_0/xps_timer_0/TC_CORE_I/TIMER_CONTROL_I/TCSR1_GENERATE[20].TCSR1_F
   F_I' has unconnected output pin

Partition Implementation Status
-------------------------------

  No Partitions were found in this design.

-------------------------------

NGDBUILD Design Results Summary:
  Number of errors:     0
  Number of warnings:  42

Writing NGD file "system.ngd" ...
Total REAL time to NGDBUILD completion:  33 sec
Total CPU time to NGDBUILD completion:   32 sec

Writing NGDBUILD log file "system.bld"...

NGDBUILD done.



#----------------------------------------------#
# Starting program map
# map -o system_map.ncd -pr b -ol high -timing -detail system.ngd system.pcf 
#----------------------------------------------#
Release 14.4 - Map P.49d (lin64)
Copyright (c) 1995-2012 Xilinx, Inc.  All rights reserved.
PMSPEC -- Overriding Xilinx file
</opt/Xilinx/14.4/ISE_DS/EDK/data/Xdh_PrimTypeLib.xda> with local file
</opt/Xilinx/14.4/ISE_DS/ISE/data/Xdh_PrimTypeLib.xda>
Using target part "4vlx60ff668-10".
Mapping design into LUTs...
Writing file system_map.ngm...
Running directed packing...
Running delay-based LUT packing...
Updating timing models...
   "inverter" is an NCD, version 3.2, device xc4vlx60, package ff668, speed -11
This design is using the default stepping level (major silicon revision) for
this device (1). Unless your design is targeted at devices of this stepping
level, it is recommended that you explicitly specify the stepping level of the
parts you will be using. This will allow the tools to take advantage of any
available performance and functional enhancements for this device. The latest
stepping level for this device is '2'. Additional information on "stepping
level" is available at support.xilinx.com.
   "nandgate" is an NCD, version 3.2, device xc4vlx60, package ff668, speed -11
This design is using the default stepping level (major silicon revision) for
this device (1). Unless your design is targeted at devices of this stepping
level, it is recommended that you explicitly specify the stepping level of the
parts you will be using. This will allow the tools to take advantage of any
available performance and functional enhancements for this device. The latest
stepping level for this device is '2'. Additional information on "stepping
level" is available at support.xilinx.com.
Running timing-driven placement...
Total REAL time at the beginning of Placer: 21 secs 
Total CPU  time at the beginning of Placer: 19 secs 

Phase 1.1  Initial Placement Analysis
Phase 1.1  Initial Placement Analysis (Checksum:b36bd75b) REAL time: 22 secs 

Phase 2.7  Design Feasibility Check
Phase 2.7  Design Feasibility Check (Checksum:b36bd75b) REAL time: 22 secs 

Phase 3.31  Local Placement Optimization
Phase 3.31  Local Placement Optimization (Checksum:7f41cf7b) REAL time: 22 secs 

Phase 4.2  Initial Clock and IO Placement

Phase 4.2  Initial Clock and IO Placement (Checksum:2ce8fb84) REAL time: 23 secs 

Phase 5.36  Local Placement Optimization
Phase 5.36  Local Placement Optimization (Checksum:2ce8fb84) REAL time: 23 secs 

......................................................................................................................................................................................
Phase 6.30  Global Clock Region Assignment


######################################################################################
# GLOBAL CLOCK NET DISTRIBUTION UCF REPORT:
#
# Number of Global Clock Regions : 16
# Number of Global Clock Networks: 10
#
# Clock Region Assignment: SUCCESSFUL

# Location of Clock Components
INST "mdm_0/mdm_0/BUFG_DRCK" LOC = "BUFGCTRL_X0Y27" ;
INST "clock_generator_0/clock_generator_0/DCM0_CLK0_BUFG_INST" LOC = "BUFGCTRL_X0Y31" ;
INST "ring_osc_7/ring_osc_7/USER_LOGIC_I/inverter_output_BUFG" LOC = "BUFGCTRL_X0Y4" ;
INST "ring_osc_6/ring_osc_6/USER_LOGIC_I/inverter_output_BUFG" LOC = "BUFGCTRL_X0Y28" ;
INST "ring_osc_5/ring_osc_5/USER_LOGIC_I/inverter_output_BUFG" LOC = "BUFGCTRL_X0Y3" ;
INST "ring_osc_4/ring_osc_4/USER_LOGIC_I/inverter_output_BUFG" LOC = "BUFGCTRL_X0Y29" ;
INST "ring_osc_3/ring_osc_3/USER_LOGIC_I/inverter_output_BUFG" LOC = "BUFGCTRL_X0Y2" ;
INST "ring_osc_2/ring_osc_2/USER_LOGIC_I/inverter_output_BUFG" LOC = "BUFGCTRL_X0Y30" ;
INST "ring_osc_1/ring_osc_1/USER_LOGIC_I/inverter_output_BUFG" LOC = "BUFGCTRL_X0Y1" ;
INST "ring_osc_0/ring_osc_0/USER_LOGIC_I/inverter_output_BUFG" LOC = "BUFGCTRL_X0Y0" ;
INST "XIL_ML_UNUSED_DCM_1" LOC = "DCM_ADV_X0Y4" ;
INST "XIL_ML_UNUSED_DCM_2" LOC = "DCM_ADV_X0Y3" ;
INST "XIL_ML_UNUSED_DCM_3" LOC = "DCM_ADV_X0Y5" ;
INST "XIL_ML_UNUSED_DCM_4" LOC = "DCM_ADV_X0Y2" ;
INST "XIL_ML_UNUSED_DCM_5" LOC = "DCM_ADV_X0Y6" ;
INST "XIL_ML_UNUSED_DCM_6" LOC = "DCM_ADV_X0Y1" ;
INST "XIL_ML_UNUSED_DCM_7" LOC = "DCM_ADV_X0Y0" ;
INST "clock_generator_0/clock_generator_0/DCM0_INST/Using_DCM_ADV.DCM_ADV_INST" LOC = "DCM_ADV_X0Y7" ;
INST "fpga_0_clk_1_sys_clk_pin" LOC = "C13" ;

# mdm_0/Dbg_Clk_1 driven by BUFGCTRL_X0Y27
NET "mdm_0/Dbg_Clk_1" TNM_NET = "TN_mdm_0/Dbg_Clk_1" ;
TIMEGRP "TN_mdm_0/Dbg_Clk_1" AREA_GROUP = "CLKAG_mdm_0/Dbg_Clk_1" ;
AREA_GROUP "CLKAG_mdm_0/Dbg_Clk_1" RANGE =   CLOCKREGION_X0Y0, CLOCKREGION_X1Y0, CLOCKREGION_X0Y1, CLOCKREGION_X1Y1, CLOCKREGION_X0Y2, CLOCKREGION_X1Y2, CLOCKREGION_X0Y3, CLOCKREGION_X1Y3, CLOCKREGION_X0Y4, CLOCKREGION_X1Y4, CLOCKREGION_X0Y5, CLOCKREGION_X1Y5, CLOCKREGION_X0Y6, CLOCKREGION_X1Y6, CLOCKREGION_X0Y7, CLOCKREGION_X1Y7 ;

# clk_100_0000MHz driven by BUFGCTRL_X0Y31
NET "clk_100_0000MHz" TNM_NET = "TN_clk_100_0000MHz" ;
TIMEGRP "TN_clk_100_0000MHz" AREA_GROUP = "CLKAG_clk_100_0000MHz" ;
AREA_GROUP "CLKAG_clk_100_0000MHz" RANGE =   CLOCKREGION_X0Y0, CLOCKREGION_X1Y0, CLOCKREGION_X0Y1, CLOCKREGION_X1Y1, CLOCKREGION_X0Y2, CLOCKREGION_X1Y2, CLOCKREGION_X0Y3, CLOCKREGION_X1Y3, CLOCKREGION_X0Y4, CLOCKREGION_X1Y4, CLOCKREGION_X0Y5, CLOCKREGION_X1Y5, CLOCKREGION_X0Y6, CLOCKREGION_X1Y6, CLOCKREGION_X0Y7, CLOCKREGION_X1Y7 ;

# ring_osc_7/ring_osc_7/USER_LOGIC_I/inverter_output driven by BUFGCTRL_X0Y4
NET "ring_osc_7/ring_osc_7/USER_LOGIC_I/inverter_output" TNM_NET = "TN_ring_osc_7/ring_osc_7/USER_LOGIC_I/inverter_output" ;
TIMEGRP "TN_ring_osc_7/ring_osc_7/USER_LOGIC_I/inverter_output" AREA_GROUP = "CLKAG_ring_osc_7/ring_osc_7/USER_LOGIC_I/inverter_output" ;
AREA_GROUP "CLKAG_ring_osc_7/ring_osc_7/USER_LOGIC_I/inverter_output" RANGE =   CLOCKREGION_X0Y0, CLOCKREGION_X1Y0, CLOCKREGION_X0Y1, CLOCKREGION_X1Y1 ;

# ring_osc_6/ring_osc_6/USER_LOGIC_I/inverter_output driven by BUFGCTRL_X0Y28
NET "ring_osc_6/ring_osc_6/USER_LOGIC_I/inverter_output" TNM_NET = "TN_ring_osc_6/ring_osc_6/USER_LOGIC_I/inverter_output" ;
TIMEGRP "TN_ring_osc_6/ring_osc_6/USER_LOGIC_I/inverter_output" AREA_GROUP = "CLKAG_ring_osc_6/ring_osc_6/USER_LOGIC_I/inverter_output" ;
AREA_GROUP "CLKAG_ring_osc_6/ring_osc_6/USER_LOGIC_I/inverter_output" RANGE =   CLOCKREGION_X0Y0, CLOCKREGION_X1Y0, CLOCKREGION_X0Y1, CLOCKREGION_X1Y1, CLOCKREGION_X0Y2, CLOCKREGION_X1Y2, CLOCKREGION_X0Y3, CLOCKREGION_X1Y3, CLOCKREGION_X0Y4, CLOCKREGION_X1Y4, CLOCKREGION_X0Y5, CLOCKREGION_X1Y5, CLOCKREGION_X0Y6, CLOCKREGION_X1Y6, CLOCKREGION_X0Y7, CLOCKREGION_X1Y7 ;

# ring_osc_5/ring_osc_5/USER_LOGIC_I/inverter_output driven by BUFGCTRL_X0Y3
NET "ring_osc_5/ring_osc_5/USER_LOGIC_I/inverter_output" TNM_NET = "TN_ring_osc_5/ring_osc_5/USER_LOGIC_I/inverter_output" ;
TIMEGRP "TN_ring_osc_5/ring_osc_5/USER_LOGIC_I/inverter_output" AREA_GROUP = "CLKAG_ring_osc_5/ring_osc_5/USER_LOGIC_I/inverter_output" ;
AREA_GROUP "CLKAG_ring_osc_5/ring_osc_5/USER_LOGIC_I/inverter_output" RANGE =   CLOCKREGION_X0Y0, CLOCKREGION_X1Y0, CLOCKREGION_X0Y1, CLOCKREGION_X1Y1, CLOCKREGION_X0Y2, CLOCKREGION_X1Y2, CLOCKREGION_X0Y3, CLOCKREGION_X1Y3, CLOCKREGION_X0Y4, CLOCKREGION_X1Y4, CLOCKREGION_X0Y5, CLOCKREGION_X1Y5, CLOCKREGION_X0Y6, CLOCKREGION_X1Y6, CLOCKREGION_X0Y7, CLOCKREGION_X1Y7 ;

# ring_osc_4/ring_osc_4/USER_LOGIC_I/inverter_output driven by BUFGCTRL_X0Y29
NET "ring_osc_4/ring_osc_4/USER_LOGIC_I/inverter_output" TNM_NET = "TN_ring_osc_4/ring_osc_4/USER_LOGIC_I/inverter_output" ;
TIMEGRP "TN_ring_osc_4/ring_osc_4/USER_LOGIC_I/inverter_output" AREA_GROUP = "CLKAG_ring_osc_4/ring_osc_4/USER_LOGIC_I/inverter_output" ;
AREA_GROUP "CLKAG_ring_osc_4/ring_osc_4/USER_LOGIC_I/inverter_output" RANGE =   CLOCKREGION_X0Y3, CLOCKREGION_X1Y3, CLOCKREGION_X0Y4, CLOCKREGION_X1Y4, CLOCKREGION_X0Y5, CLOCKREGION_X1Y5, CLOCKREGION_X0Y6, CLOCKREGION_X1Y6, CLOCKREGION_X0Y7, CLOCKREGION_X1Y7 ;

# ring_osc_3/ring_osc_3/USER_LOGIC_I/inverter_output driven by BUFGCTRL_X0Y2
NET "ring_osc_3/ring_osc_3/USER_LOGIC_I/inverter_output" TNM_NET = "TN_ring_osc_3/ring_osc_3/USER_LOGIC_I/inverter_output" ;
TIMEGRP "TN_ring_osc_3/ring_osc_3/USER_LOGIC_I/inverter_output" AREA_GROUP = "CLKAG_ring_osc_3/ring_osc_3/USER_LOGIC_I/inverter_output" ;
AREA_GROUP "CLKAG_ring_osc_3/ring_osc_3/USER_LOGIC_I/inverter_output" RANGE =   CLOCKREGION_X0Y2, CLOCKREGION_X1Y2, CLOCKREGION_X0Y3, CLOCKREGION_X1Y3, CLOCKREGION_X0Y4, CLOCKREGION_X1Y4, CLOCKREGION_X0Y5, CLOCKREGION_X1Y5, CLOCKREGION_X0Y6, CLOCKREGION_X1Y6, CLOCKREGION_X0Y7, CLOCKREGION_X1Y7 ;

# ring_osc_2/ring_osc_2/USER_LOGIC_I/inverter_output driven by BUFGCTRL_X0Y30
NET "ring_osc_2/ring_osc_2/USER_LOGIC_I/inverter_output" TNM_NET = "TN_ring_osc_2/ring_osc_2/USER_LOGIC_I/inverter_output" ;
TIMEGRP "TN_ring_osc_2/ring_osc_2/USER_LOGIC_I/inverter_output" AREA_GROUP = "CLKAG_ring_osc_2/ring_osc_2/USER_LOGIC_I/inverter_output" ;
AREA_GROUP "CLKAG_ring_osc_2/ring_osc_2/USER_LOGIC_I/inverter_output" RANGE =   CLOCKREGION_X0Y0, CLOCKREGION_X1Y0, CLOCKREGION_X0Y1, CLOCKREGION_X1Y1, CLOCKREGION_X0Y2, CLOCKREGION_X1Y2, CLOCKREGION_X0Y3, CLOCKREGION_X1Y3, CLOCKREGION_X0Y4, CLOCKREGION_X1Y4, CLOCKREGION_X0Y5, CLOCKREGION_X1Y5, CLOCKREGION_X0Y6, CLOCKREGION_X1Y6, CLOCKREGION_X0Y7, CLOCKREGION_X1Y7 ;

# ring_osc_1/ring_osc_1/USER_LOGIC_I/inverter_output driven by BUFGCTRL_X0Y1
NET "ring_osc_1/ring_osc_1/USER_LOGIC_I/inverter_output" TNM_NET = "TN_ring_osc_1/ring_osc_1/USER_LOGIC_I/inverter_output" ;
TIMEGRP "TN_ring_osc_1/ring_osc_1/USER_LOGIC_I/inverter_output" AREA_GROUP = "CLKAG_ring_osc_1/ring_osc_1/USER_LOGIC_I/inverter_output" ;
AREA_GROUP "CLKAG_ring_osc_1/ring_osc_1/USER_LOGIC_I/inverter_output" RANGE =   CLOCKREGION_X0Y0, CLOCKREGION_X1Y0, CLOCKREGION_X0Y1, CLOCKREGION_X1Y1, CLOCKREGION_X0Y2, CLOCKREGION_X1Y2, CLOCKREGION_X0Y3, CLOCKREGION_X1Y3, CLOCKREGION_X0Y4, CLOCKREGION_X1Y4, CLOCKREGION_X0Y5, CLOCKREGION_X1Y5, CLOCKREGION_X0Y6, CLOCKREGION_X1Y6, CLOCKREGION_X0Y7, CLOCKREGION_X1Y7 ;

# ring_osc_0/ring_osc_0/USER_LOGIC_I/inverter_output driven by BUFGCTRL_X0Y0
NET "ring_osc_0/ring_osc_0/USER_LOGIC_I/inverter_output" TNM_NET = "TN_ring_osc_0/ring_osc_0/USER_LOGIC_I/inverter_output" ;
TIMEGRP "TN_ring_osc_0/ring_osc_0/USER_LOGIC_I/inverter_output" AREA_GROUP = "CLKAG_ring_osc_0/ring_osc_0/USER_LOGIC_I/inverter_output" ;
AREA_GROUP "CLKAG_ring_osc_0/ring_osc_0/USER_LOGIC_I/inverter_output" RANGE =   CLOCKREGION_X0Y0, CLOCKREGION_X1Y0, CLOCKREGION_X0Y1, CLOCKREGION_X1Y1, CLOCKREGION_X0Y2, CLOCKREGION_X1Y2 ;

# NOTE: 
# This report is provided to help reproduce successful clock-region 
# assignments. The report provides range constraints for all global 
# clock networks, in a format that is directly usable in ucf files. 
#
#END of Global Clock Net Distribution UCF Constraints
######################################################################################


######################################################################################
GLOBAL CLOCK NET LOADS DISTRIBUTION REPORT:

Number of Global Clock Regions : 16
Number of Global Clock Networks: 10

Clock Region Assignment: SUCCESSFUL

Clock-Region: <CLOCKREGION_X0Y0> 
 key resource utilizations (used/available): global-clocks - 1/8 ;
--------+--------+--------+--------+--------+--------+--------+--------+--------+--------+--------+--------+--------+----------------------------------------
   BRAM |    DCM |   PMCD |     GT | ILOGIC | OLOGIC |   MULT |   EMAC |    PPC |   PCIE | IDLYCT | LUTRAM |     FF | <- (Types of Resources in this  Region)
   FIFO |        |        |        |        |        |        |        |        |        |        |        |        |
--------+--------+--------+--------+--------+--------+--------+--------+--------+--------+--------+--------+--------+----------------------------------------
     16 |      2 |      0 |      0 |     32 |     32 |      8 |      0 |      0 |      0 |      1 |   1664 |   3328 | <- (Available Resources in this Region)
--------+--------+--------+--------+--------+--------+--------+--------+--------+--------+--------+--------+--------+----------------------------------------
        |        |        |        |        |        |        |        |        |        |        |        |        | <Global clock Net Name>
--------+--------+--------+--------+--------+--------+--------+--------+--------+--------+--------+--------+--------+----------------------------------------
      0 |      0 |      0 |      0 |      0 |      0 |      0 |      0 |      0 |      0 |      0 |      0 |    276 |clk_100_0000MHz
--------+--------+--------+--------+--------+--------+--------+--------+--------+--------+--------+--------+--------+----------------------------------------
      0 |      0 |      0 |      0 |      0 |      0 |      0 |      0 |      0 |      0 |      0 |      0 |    276 | Total 
--------+--------+--------+--------+--------+--------+--------+--------+--------+--------+--------+--------+--------+----------------------------------------


Clock-Region: <CLOCKREGION_X1Y0> 
 key resource utilizations (used/available): global-clocks - 0/8 ;
--------+--------+--------+--------+--------+--------+--------+--------+--------+--------+--------+--------+--------+----------------------------------------
   BRAM |    DCM |   PMCD |     GT | ILOGIC | OLOGIC |   MULT |   EMAC |    PPC |   PCIE | IDLYCT | LUTRAM |     FF | <- (Types of Resources in this  Region)
   FIFO |        |        |        |        |        |        |        |        |        |        |        |        |
--------+--------+--------+--------+--------+--------+--------+--------+--------+--------+--------+--------+--------+----------------------------------------
     24 |      0 |      0 |      0 |     32 |     32 |      0 |      0 |      0 |      0 |      1 |   1664 |   3328 | <- (Available Resources in this Region)
--------+--------+--------+--------+--------+--------+--------+--------+--------+--------+--------+--------+--------+----------------------------------------
        |        |        |        |        |        |        |        |        |        |        |        |        | <Global clock Net Name>
--------+--------+--------+--------+--------+--------+--------+--------+--------+--------+--------+--------+--------+----------------------------------------
--------+--------+--------+--------+--------+--------+--------+--------+--------+--------+--------+--------+--------+----------------------------------------
      0 |      0 |      0 |      0 |      0 |      0 |      0 |      0 |      0 |      0 |      0 |      0 |      0 | Total 
--------+--------+--------+--------+--------+--------+--------+--------+--------+--------+--------+--------+--------+----------------------------------------


Clock-Region: <CLOCKREGION_X0Y1> 
 key resource utilizations (used/available): global-clocks - 2/8 ;
--------+--------+--------+--------+--------+--------+--------+--------+--------+--------+--------+--------+--------+----------------------------------------
   BRAM |    DCM |   PMCD |     GT | ILOGIC | OLOGIC |   MULT |   EMAC |    PPC |   PCIE | IDLYCT | LUTRAM |     FF | <- (Types of Resources in this  Region)
   FIFO |        |        |        |        |        |        |        |        |        |        |        |        |
--------+--------+--------+--------+--------+--------+--------+--------+--------+--------+--------+--------+--------+----------------------------------------
     16 |      1 |      2 |      0 |     48 |     48 |      8 |      0 |      0 |      0 |      2 |   1664 |   3328 | <- (Available Resources in this Region)
--------+--------+--------+--------+--------+--------+--------+--------+--------+--------+--------+--------+--------+----------------------------------------
        |        |        |        |        |        |        |        |        |        |        |        |        | <Global clock Net Name>
--------+--------+--------+--------+--------+--------+--------+--------+--------+--------+--------+--------+--------+----------------------------------------
      3 |      0 |      0 |      0 |      0 |      0 |      0 |      0 |      0 |      0 |      0 |     56 |    474 |clk_100_0000MHz
      0 |      0 |      0 |      0 |      0 |      0 |      0 |      0 |      0 |      0 |      0 |      0 |      4 |mdm_0/Dbg_Clk_1
--------+--------+--------+--------+--------+--------+--------+--------+--------+--------+--------+--------+--------+----------------------------------------
      3 |      0 |      0 |      0 |      0 |      0 |      0 |      0 |      0 |      0 |      0 |     56 |    478 | Total 
--------+--------+--------+--------+--------+--------+--------+--------+--------+--------+--------+--------+--------+----------------------------------------


Clock-Region: <CLOCKREGION_X1Y1> 
 key resource utilizations (used/available): global-clocks - 4/8 ;
--------+--------+--------+--------+--------+--------+--------+--------+--------+--------+--------+--------+--------+----------------------------------------
   BRAM |    DCM |   PMCD |     GT | ILOGIC | OLOGIC |   MULT |   EMAC |    PPC |   PCIE | IDLYCT | LUTRAM |     FF | <- (Types of Resources in this  Region)
   FIFO |        |        |        |        |        |        |        |        |        |        |        |        |
--------+--------+--------+--------+--------+--------+--------+--------+--------+--------+--------+--------+--------+----------------------------------------
     24 |      0 |      0 |      0 |     32 |     32 |      0 |      0 |      0 |      0 |      1 |   1664 |   3328 | <- (Available Resources in this Region)
--------+--------+--------+--------+--------+--------+--------+--------+--------+--------+--------+--------+--------+----------------------------------------
        |        |        |        |        |        |        |        |        |        |        |        |        | <Global clock Net Name>
--------+--------+--------+--------+--------+--------+--------+--------+--------+--------+--------+--------+--------+----------------------------------------
      0 |      0 |      0 |      0 |      0 |      0 |      0 |      0 |      0 |      0 |      0 |      0 |    178 |clk_100_0000MHz
      0 |      0 |      0 |      0 |      0 |      0 |      0 |      0 |      0 |      0 |      0 |      0 |     20 |ring_osc_0/ring_osc_0/USER_LOGIC_I/inverter_output
      0 |      0 |      0 |      0 |      0 |      0 |      0 |      0 |      0 |      0 |      0 |      0 |     64 |ring_osc_5/ring_osc_5/USER_LOGIC_I/inverter_output
      0 |      0 |      0 |      0 |      0 |      0 |      0 |      0 |      0 |      0 |      0 |      0 |     62 |ring_osc_7/ring_osc_7/USER_LOGIC_I/inverter_output
--------+--------+--------+--------+--------+--------+--------+--------+--------+--------+--------+--------+--------+----------------------------------------
      0 |      0 |      0 |      0 |      0 |      0 |      0 |      0 |      0 |      0 |      0 |      0 |    324 | Total 
--------+--------+--------+--------+--------+--------+--------+--------+--------+--------+--------+--------+--------+----------------------------------------


Clock-Region: <CLOCKREGION_X0Y2> 
 key resource utilizations (used/available): global-clocks - 2/8 ;
--------+--------+--------+--------+--------+--------+--------+--------+--------+--------+--------+--------+--------+----------------------------------------
   BRAM |    DCM |   PMCD |     GT | ILOGIC | OLOGIC |   MULT |   EMAC |    PPC |   PCIE | IDLYCT | LUTRAM |     FF | <- (Types of Resources in this  Region)
   FIFO |        |        |        |        |        |        |        |        |        |        |        |        |
--------+--------+--------+--------+--------+--------+--------+--------+--------+--------+--------+--------+--------+----------------------------------------
     16 |      0 |      0 |      0 |     64 |     64 |      8 |      0 |      0 |      0 |      2 |   1664 |   3328 | <- (Available Resources in this Region)
--------+--------+--------+--------+--------+--------+--------+--------+--------+--------+--------+--------+--------+----------------------------------------
        |        |        |        |        |        |        |        |        |        |        |        |        | <Global clock Net Name>
--------+--------+--------+--------+--------+--------+--------+--------+--------+--------+--------+--------+--------+----------------------------------------
      7 |      0 |      0 |      0 |      0 |      0 |      3 |      0 |      0 |      0 |      0 |    287 |   1182 |clk_100_0000MHz
      0 |      0 |      0 |      0 |      0 |      0 |      0 |      0 |      0 |      0 |      0 |      8 |     29 |mdm_0/Dbg_Clk_1
--------+--------+--------+--------+--------+--------+--------+--------+--------+--------+--------+--------+--------+----------------------------------------
      7 |      0 |      0 |      0 |      0 |      0 |      3 |      0 |      0 |      0 |      0 |    295 |   1211 | Total 
--------+--------+--------+--------+--------+--------+--------+--------+--------+--------+--------+--------+--------+----------------------------------------


Clock-Region: <CLOCKREGION_X1Y2> 
 key resource utilizations (used/available): global-clocks - 4/8 ;
--------+--------+--------+--------+--------+--------+--------+--------+--------+--------+--------+--------+--------+----------------------------------------
   BRAM |    DCM |   PMCD |     GT | ILOGIC | OLOGIC |   MULT |   EMAC |    PPC |   PCIE | IDLYCT | LUTRAM |     FF | <- (Types of Resources in this  Region)
   FIFO |        |        |        |        |        |        |        |        |        |        |        |        |
--------+--------+--------+--------+--------+--------+--------+--------+--------+--------+--------+--------+--------+----------------------------------------
     24 |      0 |      0 |      0 |     32 |     32 |      0 |      0 |      0 |      0 |      1 |   1664 |   3328 | <- (Available Resources in this Region)
--------+--------+--------+--------+--------+--------+--------+--------+--------+--------+--------+--------+--------+----------------------------------------
        |        |        |        |        |        |        |        |        |        |        |        |        | <Global clock Net Name>
--------+--------+--------+--------+--------+--------+--------+--------+--------+--------+--------+--------+--------+----------------------------------------
      0 |      0 |      0 |      0 |      0 |      0 |      0 |      0 |      0 |      0 |      0 |      0 |    586 |clk_100_0000MHz
      0 |      0 |      0 |      0 |      0 |      0 |      0 |      0 |      0 |      0 |      0 |      0 |     26 |ring_osc_0/ring_osc_0/USER_LOGIC_I/inverter_output
      0 |      0 |      0 |      0 |      0 |      0 |      0 |      0 |      0 |      0 |      0 |      0 |     47 |ring_osc_1/ring_osc_1/USER_LOGIC_I/inverter_output
      0 |      0 |      0 |      0 |      0 |      0 |      0 |      0 |      0 |      0 |      0 |      0 |     64 |ring_osc_3/ring_osc_3/USER_LOGIC_I/inverter_output
--------+--------+--------+--------+--------+--------+--------+--------+--------+--------+--------+--------+--------+----------------------------------------
      0 |      0 |      0 |      0 |      0 |      0 |      0 |      0 |      0 |      0 |      0 |      0 |    723 | Total 
--------+--------+--------+--------+--------+--------+--------+--------+--------+--------+--------+--------+--------+----------------------------------------


Clock-Region: <CLOCKREGION_X0Y3> 
 key resource utilizations (used/available): global-clocks - 2/8 ;
--------+--------+--------+--------+--------+--------+--------+--------+--------+--------+--------+--------+--------+----------------------------------------
   BRAM |    DCM |   PMCD |     GT | ILOGIC | OLOGIC |   MULT |   EMAC |    PPC |   PCIE | IDLYCT | LUTRAM |     FF | <- (Types of Resources in this  Region)
   FIFO |        |        |        |        |        |        |        |        |        |        |        |        |
--------+--------+--------+--------+--------+--------+--------+--------+--------+--------+--------+--------+--------+----------------------------------------
     16 |      0 |      0 |      0 |     48 |     48 |      8 |      0 |      0 |      0 |      2 |   1664 |   3328 | <- (Available Resources in this Region)
--------+--------+--------+--------+--------+--------+--------+--------+--------+--------+--------+--------+--------+----------------------------------------
        |        |        |        |        |        |        |        |        |        |        |        |        | <Global clock Net Name>
--------+--------+--------+--------+--------+--------+--------+--------+--------+--------+--------+--------+--------+----------------------------------------
      6 |      0 |      0 |      0 |      0 |      0 |      0 |      0 |      0 |      0 |      0 |    122 |    519 |clk_100_0000MHz
      0 |      0 |      0 |      0 |      0 |      0 |      0 |      0 |      0 |      0 |      0 |      4 |    120 |mdm_0/Dbg_Clk_1
--------+--------+--------+--------+--------+--------+--------+--------+--------+--------+--------+--------+--------+----------------------------------------
      6 |      0 |      0 |      0 |      0 |      0 |      0 |      0 |      0 |      0 |      0 |    126 |    639 | Total 
--------+--------+--------+--------+--------+--------+--------+--------+--------+--------+--------+--------+--------+----------------------------------------


Clock-Region: <CLOCKREGION_X1Y3> 
 key resource utilizations (used/available): global-clocks - 4/8 ;
--------+--------+--------+--------+--------+--------+--------+--------+--------+--------+--------+--------+--------+----------------------------------------
   BRAM |    DCM |   PMCD |     GT | ILOGIC | OLOGIC |   MULT |   EMAC |    PPC |   PCIE | IDLYCT | LUTRAM |     FF | <- (Types of Resources in this  Region)
   FIFO |        |        |        |        |        |        |        |        |        |        |        |        |
--------+--------+--------+--------+--------+--------+--------+--------+--------+--------+--------+--------+--------+----------------------------------------
     24 |      0 |      0 |      0 |     32 |     32 |      0 |      0 |      0 |      0 |      1 |   1664 |   3328 | <- (Available Resources in this Region)
--------+--------+--------+--------+--------+--------+--------+--------+--------+--------+--------+--------+--------+----------------------------------------
        |        |        |        |        |        |        |        |        |        |        |        |        | <Global clock Net Name>
--------+--------+--------+--------+--------+--------+--------+--------+--------+--------+--------+--------+--------+----------------------------------------
      0 |      0 |      0 |      0 |      0 |      0 |      0 |      0 |      0 |      0 |      0 |     19 |    296 |clk_100_0000MHz
      0 |      0 |      0 |      0 |      0 |      0 |      0 |      0 |      0 |      0 |      0 |      0 |      7 |ring_osc_1/ring_osc_1/USER_LOGIC_I/inverter_output
      0 |      0 |      0 |      0 |      0 |      0 |      0 |      0 |      0 |      0 |      0 |      0 |     48 |ring_osc_2/ring_osc_2/USER_LOGIC_I/inverter_output
      0 |      0 |      0 |      0 |      0 |      0 |      0 |      0 |      0 |      0 |      0 |      0 |      4 |ring_osc_4/ring_osc_4/USER_LOGIC_I/inverter_output
--------+--------+--------+--------+--------+--------+--------+--------+--------+--------+--------+--------+--------+----------------------------------------
      0 |      0 |      0 |      0 |      0 |      0 |      0 |      0 |      0 |      0 |      0 |     19 |    355 | Total 
--------+--------+--------+--------+--------+--------+--------+--------+--------+--------+--------+--------+--------+----------------------------------------


Clock-Region: <CLOCKREGION_X0Y4> 
 key resource utilizations (used/available): global-clocks - 3/8 ;
--------+--------+--------+--------+--------+--------+--------+--------+--------+--------+--------+--------+--------+----------------------------------------
   BRAM |    DCM |   PMCD |     GT | ILOGIC | OLOGIC |   MULT |   EMAC |    PPC |   PCIE | IDLYCT | LUTRAM |     FF | <- (Types of Resources in this  Region)
   FIFO |        |        |        |        |        |        |        |        |        |        |        |        |
--------+--------+--------+--------+--------+--------+--------+--------+--------+--------+--------+--------+--------+----------------------------------------
     16 |      0 |      0 |      0 |     48 |     48 |      8 |      0 |      0 |      0 |      2 |   1664 |   3328 | <- (Available Resources in this Region)
--------+--------+--------+--------+--------+--------+--------+--------+--------+--------+--------+--------+--------+----------------------------------------
        |        |        |        |        |        |        |        |        |        |        |        |        | <Global clock Net Name>
--------+--------+--------+--------+--------+--------+--------+--------+--------+--------+--------+--------+--------+----------------------------------------
      0 |      0 |      0 |      0 |      0 |      0 |      0 |      0 |      0 |      0 |      0 |      0 |     62 |clk_100_0000MHz
      0 |      0 |      0 |      0 |      0 |      0 |      0 |      0 |      0 |      0 |      0 |     14 |      2 |mdm_0/Dbg_Clk_1
      0 |      0 |      0 |      0 |      0 |      0 |      0 |      0 |      0 |      0 |      0 |      0 |     64 |ring_osc_6/ring_osc_6/USER_LOGIC_I/inverter_output
--------+--------+--------+--------+--------+--------+--------+--------+--------+--------+--------+--------+--------+----------------------------------------
      0 |      0 |      0 |      0 |      0 |      0 |      0 |      0 |      0 |      0 |      0 |     14 |    128 | Total 
--------+--------+--------+--------+--------+--------+--------+--------+--------+--------+--------+--------+--------+----------------------------------------


Clock-Region: <CLOCKREGION_X1Y4> 
 key resource utilizations (used/available): global-clocks - 4/8 ;
--------+--------+--------+--------+--------+--------+--------+--------+--------+--------+--------+--------+--------+----------------------------------------
   BRAM |    DCM |   PMCD |     GT | ILOGIC | OLOGIC |   MULT |   EMAC |    PPC |   PCIE | IDLYCT | LUTRAM |     FF | <- (Types of Resources in this  Region)
   FIFO |        |        |        |        |        |        |        |        |        |        |        |        |
--------+--------+--------+--------+--------+--------+--------+--------+--------+--------+--------+--------+--------+----------------------------------------
     24 |      0 |      0 |      0 |     32 |     32 |      0 |      0 |      0 |      0 |      1 |   1664 |   3328 | <- (Available Resources in this Region)
--------+--------+--------+--------+--------+--------+--------+--------+--------+--------+--------+--------+--------+----------------------------------------
        |        |        |        |        |        |        |        |        |        |        |        |        | <Global clock Net Name>
--------+--------+--------+--------+--------+--------+--------+--------+--------+--------+--------+--------+--------+----------------------------------------
      0 |      0 |      0 |      0 |      1 |      1 |      0 |      0 |      0 |      0 |      0 |      0 |     24 |clk_100_0000MHz
      0 |      0 |      0 |      0 |      0 |      0 |      0 |      0 |      0 |      0 |      0 |      3 |     24 |mdm_0/Dbg_Clk_1
      0 |      0 |      0 |      0 |      0 |      0 |      0 |      0 |      0 |      0 |      0 |      0 |     10 |ring_osc_2/ring_osc_2/USER_LOGIC_I/inverter_output
      0 |      0 |      0 |      0 |      0 |      0 |      0 |      0 |      0 |      0 |      0 |      0 |     32 |ring_osc_4/ring_osc_4/USER_LOGIC_I/inverter_output
--------+--------+--------+--------+--------+--------+--------+--------+--------+--------+--------+--------+--------+----------------------------------------
      0 |      0 |      0 |      0 |      1 |      1 |      0 |      0 |      0 |      0 |      0 |      3 |     90 | Total 
--------+--------+--------+--------+--------+--------+--------+--------+--------+--------+--------+--------+--------+----------------------------------------


Clock-Region: <CLOCKREGION_X0Y5> 
 key resource utilizations (used/available): global-clocks - 1/8 ;
--------+--------+--------+--------+--------+--------+--------+--------+--------+--------+--------+--------+--------+----------------------------------------
   BRAM |    DCM |   PMCD |     GT | ILOGIC | OLOGIC |   MULT |   EMAC |    PPC |   PCIE | IDLYCT | LUTRAM |     FF | <- (Types of Resources in this  Region)
   FIFO |        |        |        |        |        |        |        |        |        |        |        |        |
--------+--------+--------+--------+--------+--------+--------+--------+--------+--------+--------+--------+--------+----------------------------------------
     16 |      0 |      0 |      0 |     64 |     64 |      8 |      0 |      0 |      0 |      2 |   1664 |   3328 | <- (Available Resources in this Region)
--------+--------+--------+--------+--------+--------+--------+--------+--------+--------+--------+--------+--------+----------------------------------------
        |        |        |        |        |        |        |        |        |        |        |        |        | <Global clock Net Name>
--------+--------+--------+--------+--------+--------+--------+--------+--------+--------+--------+--------+--------+----------------------------------------
      0 |      0 |      0 |      0 |      0 |      0 |      0 |      0 |      0 |      0 |      0 |      2 |     19 |clk_100_0000MHz
--------+--------+--------+--------+--------+--------+--------+--------+--------+--------+--------+--------+--------+----------------------------------------
      0 |      0 |      0 |      0 |      0 |      0 |      0 |      0 |      0 |      0 |      0 |      2 |     19 | Total 
--------+--------+--------+--------+--------+--------+--------+--------+--------+--------+--------+--------+--------+----------------------------------------


Clock-Region: <CLOCKREGION_X1Y5> 
 key resource utilizations (used/available): global-clocks - 1/8 ;
--------+--------+--------+--------+--------+--------+--------+--------+--------+--------+--------+--------+--------+----------------------------------------
   BRAM |    DCM |   PMCD |     GT | ILOGIC | OLOGIC |   MULT |   EMAC |    PPC |   PCIE | IDLYCT | LUTRAM |     FF | <- (Types of Resources in this  Region)
   FIFO |        |        |        |        |        |        |        |        |        |        |        |        |
--------+--------+--------+--------+--------+--------+--------+--------+--------+--------+--------+--------+--------+----------------------------------------
     24 |      0 |      0 |      0 |     32 |     32 |      0 |      0 |      0 |      0 |      1 |   1664 |   3328 | <- (Available Resources in this Region)
--------+--------+--------+--------+--------+--------+--------+--------+--------+--------+--------+--------+--------+----------------------------------------
        |        |        |        |        |        |        |        |        |        |        |        |        | <Global clock Net Name>
--------+--------+--------+--------+--------+--------+--------+--------+--------+--------+--------+--------+--------+----------------------------------------
      0 |      0 |      0 |      0 |      0 |      0 |      0 |      0 |      0 |      0 |      0 |      0 |      4 |clk_100_0000MHz
--------+--------+--------+--------+--------+--------+--------+--------+--------+--------+--------+--------+--------+----------------------------------------
      0 |      0 |      0 |      0 |      0 |      0 |      0 |      0 |      0 |      0 |      0 |      0 |      4 | Total 
--------+--------+--------+--------+--------+--------+--------+--------+--------+--------+--------+--------+--------+----------------------------------------


Clock-Region: <CLOCKREGION_X0Y6> 
 key resource utilizations (used/available): global-clocks - 0/8 ;
--------+--------+--------+--------+--------+--------+--------+--------+--------+--------+--------+--------+--------+----------------------------------------
   BRAM |    DCM |   PMCD |     GT | ILOGIC | OLOGIC |   MULT |   EMAC |    PPC |   PCIE | IDLYCT | LUTRAM |     FF | <- (Types of Resources in this  Region)
   FIFO |        |        |        |        |        |        |        |        |        |        |        |        |
--------+--------+--------+--------+--------+--------+--------+--------+--------+--------+--------+--------+--------+----------------------------------------
     16 |      1 |      2 |      0 |     48 |     48 |      8 |      0 |      0 |      0 |      2 |   1664 |   3328 | <- (Available Resources in this Region)
--------+--------+--------+--------+--------+--------+--------+--------+--------+--------+--------+--------+--------+----------------------------------------
        |        |        |        |        |        |        |        |        |        |        |        |        | <Global clock Net Name>
--------+--------+--------+--------+--------+--------+--------+--------+--------+--------+--------+--------+--------+----------------------------------------
--------+--------+--------+--------+--------+--------+--------+--------+--------+--------+--------+--------+--------+----------------------------------------
      0 |      0 |      0 |      0 |      0 |      0 |      0 |      0 |      0 |      0 |      0 |      0 |      0 | Total 
--------+--------+--------+--------+--------+--------+--------+--------+--------+--------+--------+--------+--------+----------------------------------------


Clock-Region: <CLOCKREGION_X1Y6> 
 key resource utilizations (used/available): global-clocks - 0/8 ;
--------+--------+--------+--------+--------+--------+--------+--------+--------+--------+--------+--------+--------+----------------------------------------
   BRAM |    DCM |   PMCD |     GT | ILOGIC | OLOGIC |   MULT |   EMAC |    PPC |   PCIE | IDLYCT | LUTRAM |     FF | <- (Types of Resources in this  Region)
   FIFO |        |        |        |        |        |        |        |        |        |        |        |        |
--------+--------+--------+--------+--------+--------+--------+--------+--------+--------+--------+--------+--------+----------------------------------------
     24 |      0 |      0 |      0 |     32 |     32 |      0 |      0 |      0 |      0 |      1 |   1664 |   3328 | <- (Available Resources in this Region)
--------+--------+--------+--------+--------+--------+--------+--------+--------+--------+--------+--------+--------+----------------------------------------
        |        |        |        |        |        |        |        |        |        |        |        |        | <Global clock Net Name>
--------+--------+--------+--------+--------+--------+--------+--------+--------+--------+--------+--------+--------+----------------------------------------
--------+--------+--------+--------+--------+--------+--------+--------+--------+--------+--------+--------+--------+----------------------------------------
      0 |      0 |      0 |      0 |      0 |      0 |      0 |      0 |      0 |      0 |      0 |      0 |      0 | Total 
--------+--------+--------+--------+--------+--------+--------+--------+--------+--------+--------+--------+--------+----------------------------------------


Clock-Region: <CLOCKREGION_X0Y7> 
 key resource utilizations (used/available): global-clocks - 1/8 ;
--------+--------+--------+--------+--------+--------+--------+--------+--------+--------+--------+--------+--------+----------------------------------------
   BRAM |    DCM |   PMCD |     GT | ILOGIC | OLOGIC |   MULT |   EMAC |    PPC |   PCIE | IDLYCT | LUTRAM |     FF | <- (Types of Resources in this  Region)
   FIFO |        |        |        |        |        |        |        |        |        |        |        |        |
--------+--------+--------+--------+--------+--------+--------+--------+--------+--------+--------+--------+--------+----------------------------------------
     16 |      4 |      0 |      0 |     32 |     32 |      8 |      0 |      0 |      0 |      1 |   1664 |   3328 | <- (Available Resources in this Region)
--------+--------+--------+--------+--------+--------+--------+--------+--------+--------+--------+--------+--------+----------------------------------------
        |        |        |        |        |        |        |        |        |        |        |        |        | <Global clock Net Name>
--------+--------+--------+--------+--------+--------+--------+--------+--------+--------+--------+--------+--------+----------------------------------------
      0 |      1 |      0 |      0 |      0 |      0 |      0 |      0 |      0 |      0 |      0 |      0 |      0 |clk_100_0000MHz
--------+--------+--------+--------+--------+--------+--------+--------+--------+--------+--------+--------+--------+----------------------------------------
      0 |      1 |      0 |      0 |      0 |      0 |      0 |      0 |      0 |      0 |      0 |      0 |      0 | Total 
--------+--------+--------+--------+--------+--------+--------+--------+--------+--------+--------+--------+--------+----------------------------------------


Clock-Region: <CLOCKREGION_X1Y7> 
 key resource utilizations (used/available): global-clocks - 0/8 ;
--------+--------+--------+--------+--------+--------+--------+--------+--------+--------+--------+--------+--------+----------------------------------------
   BRAM |    DCM |   PMCD |     GT | ILOGIC | OLOGIC |   MULT |   EMAC |    PPC |   PCIE | IDLYCT | LUTRAM |     FF | <- (Types of Resources in this  Region)
   FIFO |        |        |        |        |        |        |        |        |        |        |        |        |
--------+--------+--------+--------+--------+--------+--------+--------+--------+--------+--------+--------+--------+----------------------------------------
     24 |      0 |      0 |      0 |     32 |     32 |      0 |      0 |      0 |      0 |      1 |   1664 |   3328 | <- (Available Resources in this Region)
--------+--------+--------+--------+--------+--------+--------+--------+--------+--------+--------+--------+--------+----------------------------------------
        |        |        |        |        |        |        |        |        |        |        |        |        | <Global clock Net Name>
--------+--------+--------+--------+--------+--------+--------+--------+--------+--------+--------+--------+--------+----------------------------------------
--------+--------+--------+--------+--------+--------+--------+--------+--------+--------+--------+--------+--------+----------------------------------------
      0 |      0 |      0 |      0 |      0 |      0 |      0 |      0 |      0 |      0 |      0 |      0 |      0 | Total 
--------+--------+--------+--------+--------+--------+--------+--------+--------+--------+--------+--------+--------+----------------------------------------

NOTE:
The above detailed report is the initial placement of the logic after the clock region assignment. The final placement
may be significantly different because of the various optimization steps which will follow. Specifically, logic blocks
maybe moved to adjacent clock-regions as long as the "number of clocks per region" constraint is not violated.


# END of Global Clock Net Loads Distribution Report:
######################################################################################


Phase 6.30  Global Clock Region Assignment (Checksum:2ce8fb84) REAL time: 31 secs 

Phase 7.3  Local Placement Optimization
Phase 7.3  Local Placement Optimization (Checksum:2ce8fb84) REAL time: 31 secs 

Phase 8.5  Local Placement Optimization
Phase 8.5  Local Placement Optimization (Checksum:2ce8fb84) REAL time: 31 secs 

Phase 9.8  Global Placement
......................................................................................................................................................................................
..................
..........................................................................................................................................................................................
................
................
Phase 9.8  Global Placement (Checksum:78f96f8a) REAL time: 50 secs 

Phase 10.5  Local Placement Optimization
Phase 10.5  Local Placement Optimization (Checksum:78f96f8a) REAL time: 51 secs 

Phase 11.18  Placement Optimization
Phase 11.18  Placement Optimization (Checksum:5e22e3c2) REAL time: 1 mins 20 secs 

Phase 12.5  Local Placement Optimization
Phase 12.5  Local Placement Optimization (Checksum:5e22e3c2) REAL time: 1 mins 20 secs 

Phase 13.34  Placement Validation
Phase 13.34  Placement Validation (Checksum:5e22e3c2) REAL time: 1 mins 21 secs 

Total REAL time to Placer completion: 1 mins 21 secs 
Total CPU  time to Placer completion: 1 mins 19 secs 
Running post-placement packing...

Design Summary:
Number of errors:      0
Number of warnings:    5
Logic Utilization:
  Number of Slice Flip Flops:         4,362 out of  53,248    8%
  Number of 4 input LUTs:             5,397 out of  53,248   10%
Logic Distribution:
  Number of occupied Slices:          4,560 out of  26,624   17%
    Number of Slices containing only related logic:   4,560 out of   4,560 100%
    Number of Slices containing unrelated logic:          0 out of   4,560   0%
      *See NOTES below for an explanation of the effects of unrelated logic.
  Total Number of 4 input LUTs:       6,006 out of  53,248   11%
    Number used as logic:             4,882
    Number used as a route-thru:        609
    Number used for Dual Port RAMs:     384
      (Two LUTs used per Dual Port RAM)
    Number used as Shift registers:     131

  The Slice Logic Distribution report is not meaningful if the design is
  over-mapped for a non-slice resource or if Placement fails.
  Number of bonded IOBs:                  9 out of     448    2%
    IOB Flip Flops:                       2
  Number of BUFG/BUFGCTRLs:              10 out of      32   31%
    Number used as BUFGs:                10
  Number of FIFO16/RAMB16s:              16 out of     160   10%
    Number used as RAMB16s:              16
  Number of DSP48s:                       3 out of      64    4%
  Number of DCM_ADVs:                     1 out of       8   12%
  Number of BSCAN_VIRTEX4s:               1 out of       4   25%

  Number of hard macros:          16
Average Fanout of Non-Clock Nets:                3.38

Peak Memory Usage:  1037 MB
Total REAL time to MAP completion:  1 mins 25 secs 
Total CPU time to MAP completion:   1 mins 23 secs 

Mapping completed.
See MAP report file "system_map.mrp" for details.



#----------------------------------------------#
# Starting program par
# par -w -ol high system_map.ncd system.ncd system.pcf 
#----------------------------------------------#
Release 14.4 - par P.49d (lin64)
Copyright (c) 1995-2012 Xilinx, Inc.  All rights reserved.
PMSPEC -- Overriding Xilinx file </opt/Xilinx/14.4/ISE_DS/EDK/data/parBmgr.acd> with local file
</opt/Xilinx/14.4/ISE_DS/ISE/data/parBmgr.acd>



Constraints file: system.pcf.
Loading device for application Rf_Device from file '4vlx60.nph' in environment
/opt/Xilinx/14.4/ISE_DS/ISE/:/opt/Xilinx/14.4/ISE_DS/EDK.
   "system" is an NCD, version 3.2, device xc4vlx60, package ff668, speed -10
This design is using the default stepping level (major silicon revision) for this device (1). Unless your design is
targeted at devices of this stepping level, it is recommended that you explicitly specify the stepping level of the
parts you will be using. This will allow the tools to take advantage of any available performance and functional
enhancements for this device. The latest stepping level for this device is '2'. Additional information on "stepping
level" is available at support.xilinx.com.
   "inverter" is an NCD, version 3.2, device xc4vlx60, package ff668, speed -11
This design is using the default stepping level (major silicon revision) for this device (1). Unless your design is
targeted at devices of this stepping level, it is recommended that you explicitly specify the stepping level of the
parts you will be using. This will allow the tools to take advantage of any available performance and functional
enhancements for this device. The latest stepping level for this device is '2'. Additional information on "stepping
level" is available at support.xilinx.com.
   "nandgate" is an NCD, version 3.2, device xc4vlx60, package ff668, speed -11
This design is using the default stepping level (major silicon revision) for this device (1). Unless your design is
targeted at devices of this stepping level, it is recommended that you explicitly specify the stepping level of the
parts you will be using. This will allow the tools to take advantage of any available performance and functional
enhancements for this device. The latest stepping level for this device is '2'. Additional information on "stepping
level" is available at support.xilinx.com.

Initializing temperature to 85.000 Celsius. (default - Range: 0.000 to 85.000 Celsius)
Initializing voltage to 1.140 Volts. (default - Range: 1.140 to 1.260 Volts)


Device speed data version:  "PRODUCTION 1.71 2012-12-04".



Device Utilization Summary:

   Number of BSCANs                          1 out of 4      25%
   Number of BUFGs                          10 out of 32     31%
   Number of DCM_ADVs                        1 out of 8      12%
   Number of DSP48s                          3 out of 64      4%
   Number of ILOGICs                         1 out of 640     1%
   Number of External IOBs                   9 out of 448     2%
      Number of LOCed IOBs                   9 out of 9     100%

   Number of OLOGICs                         1 out of 640     1%
   Number of RAMB16s                        16 out of 160    10%
   Number of Slices                       4560 out of 26624  17%
      Number of SLICEMs                    282 out of 13312   2%



Overall effort level (-ol):   High 
Router effort level (-rl):    High 

Starting initial Timing Analysis.  REAL time: 10 secs 
Finished initial Timing Analysis.  REAL time: 11 secs 

WARNING:Par:288 - The signal dlmb_LMB_ABus<31> has no load.  PAR will not attempt to route this signal.
WARNING:Par:288 - The signal dlmb_LMB_ABus<30> has no load.  PAR will not attempt to route this signal.
Starting Router


Phase  1  : 31680 unrouted;      REAL time: 12 secs 

Phase  2  : 27391 unrouted;      REAL time: 12 secs 

Phase  3  : 9972 unrouted;      REAL time: 15 secs 

Phase  4  : 9977 unrouted; (Setup:0, Hold:0, Component Switching Limit:0)     REAL time: 19 secs 

Updating file: system.ncd with current fully routed design.

Phase  5  : 0 unrouted; (Setup:0, Hold:0, Component Switching Limit:0)     REAL time: 26 secs 

Phase  6  : 0 unrouted; (Setup:0, Hold:0, Component Switching Limit:0)     REAL time: 26 secs 

Phase  7  : 0 unrouted; (Setup:0, Hold:0, Component Switching Limit:0)     REAL time: 26 secs 

Phase  8  : 0 unrouted; (Setup:0, Hold:0, Component Switching Limit:0)     REAL time: 26 secs 

Phase  9  : 0 unrouted; (Setup:0, Hold:0, Component Switching Limit:0)     REAL time: 26 secs 

Phase 10  : 0 unrouted; (Setup:0, Hold:0, Component Switching Limit:0)     REAL time: 27 secs 
Total REAL time to Router completion: 27 secs 
Total CPU time to Router completion: 27 secs 

Partition Implementation Status
-------------------------------

  No Partitions were found in this design.

-------------------------------

Generating "PAR" statistics.

**************************
Generating Clock Report
**************************

+---------------------+--------------+------+------+------------+-------------+
|        Clock Net    |   Resource   |Locked|Fanout|Net Skew(ns)|Max Delay(ns)|
+---------------------+--------------+------+------+------------+-------------+
|     clk_100_0000MHz |BUFGCTRL_X0Y31| No   | 3154 |  0.584     |  3.168      |
+---------------------+--------------+------+------+------------+-------------+
|     mdm_0/Dbg_Clk_1 |BUFGCTRL_X0Y27| No   |  165 |  0.451     |  3.009      |
+---------------------+--------------+------+------+------------+-------------+
|ring_osc_7/ring_osc_ |              |      |      |            |             |
|7/USER_LOGIC_I/inver |              |      |      |            |             |
|          ter_output | BUFGCTRL_X0Y4| No   |   38 |  0.078     |  2.817      |
+---------------------+--------------+------+------+------------+-------------+
|ring_osc_6/ring_osc_ |              |      |      |            |             |
|6/USER_LOGIC_I/inver |              |      |      |            |             |
|          ter_output |BUFGCTRL_X0Y28| No   |   36 |  0.095     |  2.827      |
+---------------------+--------------+------+------+------------+-------------+
|ring_osc_5/ring_osc_ |              |      |      |            |             |
|5/USER_LOGIC_I/inver |              |      |      |            |             |
|          ter_output | BUFGCTRL_X0Y3| No   |   35 |  0.103     |  2.701      |
+---------------------+--------------+------+------+------------+-------------+
|ring_osc_4/ring_osc_ |              |      |      |            |             |
|4/USER_LOGIC_I/inver |              |      |      |            |             |
|          ter_output |BUFGCTRL_X0Y29| No   |   36 |  0.106     |  2.733      |
+---------------------+--------------+------+------+------------+-------------+
|ring_osc_3/ring_osc_ |              |      |      |            |             |
|3/USER_LOGIC_I/inver |              |      |      |            |             |
|          ter_output | BUFGCTRL_X0Y2| No   |   40 |  0.082     |  2.857      |
+---------------------+--------------+------+------+------------+-------------+
|ring_osc_2/ring_osc_ |              |      |      |            |             |
|2/USER_LOGIC_I/inver |              |      |      |            |             |
|          ter_output |BUFGCTRL_X0Y30| No   |   36 |  0.093     |  2.706      |
+---------------------+--------------+------+------+------------+-------------+
|ring_osc_1/ring_osc_ |              |      |      |            |             |
|1/USER_LOGIC_I/inver |              |      |      |            |             |
|          ter_output | BUFGCTRL_X0Y1| No   |   35 |  0.036     |  2.781      |
+---------------------+--------------+------+------+------------+-------------+
|ring_osc_0/ring_osc_ |              |      |      |            |             |
|0/USER_LOGIC_I/inver |              |      |      |            |             |
|          ter_output | BUFGCTRL_X0Y0| No   |   37 |  0.044     |  2.754      |
+---------------------+--------------+------+------+------------+-------------+
|xps_timer_0_Interrup |              |      |      |            |             |
|                   t |         Local|      |    1 |  0.000     |  0.858      |
+---------------------+--------------+------+------+------------+-------------+
|  mdm_0/Dbg_Update_1 |         Local|      |   39 |  2.797     |  3.752      |
+---------------------+--------------+------+------+------------+-------------+
|fpga_0_clk_1_sys_clk |              |      |      |            |             |
|          _pin_IBUFG |         Local|      |    5 |  0.347     |  2.328      |
+---------------------+--------------+------+------+------------+-------------+

* Net Skew is the difference between the minimum and maximum routing
only delays for the net. Note this is different from Clock Skew which
is reported in TRCE timing report. Clock Skew is the difference between
the minimum and maximum path delays which includes logic delays.

* The fanout is the number of component pins not the individual BEL loads,
for example SLICE loads not FF loads.

Timing Score: 0 (Setup: 0, Hold: 0, Component Switching Limit: 0)

Asterisk (*) preceding a constraint indicates it was not met.
   This may be due to a setup or hold violation.

----------------------------------------------------------------------------------------------------------
  Constraint                                |    Check    | Worst Case |  Best Case | Timing |   Timing   
                                            |             |    Slack   | Achievable | Errors |    Score   
----------------------------------------------------------------------------------------------------------
  TS_clock_generator_0_clock_generator_0_SI | SETUP       |     0.446ns|     9.554ns|       0|           0
  G_DCM0_CLK0 = PERIOD TIMEGRP         "clo | HOLD        |     0.435ns|            |       0|           0
  ck_generator_0_clock_generator_0_SIG_DCM0 |             |            |            |        |            
  _CLK0" TS_sys_clk_pin         HIGH 50%    |             |            |            |        |            
----------------------------------------------------------------------------------------------------------
  TS_sys_clk_pin = PERIOD TIMEGRP "sys_clk_ | SETUP       |     8.212ns|     1.788ns|       0|           0
  pin" 100 MHz HIGH 50%                     | HOLD        |     0.516ns|            |       0|           0
                                            | MINPERIOD   |     3.334ns|     6.666ns|       0|           0
----------------------------------------------------------------------------------------------------------


Derived Constraint Report
Review Timing Report for more details on the following derived constraints.
To create a Timing Report, run "trce -v 12 -fastpaths -o design_timing_report design.ncd design.pcf"
or "Run Timing Analysis" from Timing Analyzer (timingan).
Derived Constraints for TS_sys_clk_pin
+-------------------------------+-------------+-------------+-------------+-------------+-------------+-------------+-------------+
|                               |   Period    |       Actual Period       |      Timing Errors        |      Paths Analyzed       |
|           Constraint          | Requirement |-------------+-------------|-------------+-------------|-------------+-------------|
|                               |             |   Direct    | Derivative  |   Direct    | Derivative  |   Direct    | Derivative  |
+-------------------------------+-------------+-------------+-------------+-------------+-------------+-------------+-------------+
|TS_sys_clk_pin                 |     10.000ns|      6.666ns|      9.554ns|            0|            0|            3|       321672|
| TS_clock_generator_0_clock_gen|     10.000ns|      9.554ns|          N/A|            0|            0|       321672|            0|
| erator_0_SIG_DCM0_CLK0        |             |             |             |             |             |             |             |
+-------------------------------+-------------+-------------+-------------+-------------+-------------+-------------+-------------+

All constraints were met.


Generating Pad Report.

All signals are completely routed.

WARNING:Par:283 - There are 2 loadless signals in this design. This design will cause Bitgen to issue DRC warnings.

Total REAL time to PAR completion: 30 secs 
Total CPU time to PAR completion: 30 secs 

Peak Memory Usage:  864 MB

Placer: Placement generated during map.
Routing: Completed - No errors found.
Timing: Completed - No errors found.

Number of error messages: 0
Number of warning messages: 4
Number of info messages: 0

Writing design to file system.ncd



PAR done!



#----------------------------------------------#
# Starting program post_par_trce
# trce -e 3 -xml system.twx system.ncd system.pcf 
#----------------------------------------------#
Release 14.4 - Trace  (lin64)
Copyright (c) 1995-2012 Xilinx, Inc.  All rights reserved.


PMSPEC -- Overriding Xilinx file
</opt/Xilinx/14.4/ISE_DS/EDK/virtex4/data/virtex4.acd> with local file
</opt/Xilinx/14.4/ISE_DS/ISE/virtex4/data/virtex4.acd>
Loading device for application Rf_Device from file '4vlx60.nph' in environment
/opt/Xilinx/14.4/ISE_DS/ISE/:/opt/Xilinx/14.4/ISE_DS/EDK.
   "system" is an NCD, version 3.2, device xc4vlx60, package ff668, speed -10
This design is using the default stepping level (major silicon revision) for
this device (1). Unless your design is targeted at devices of this stepping
level, it is recommended that you explicitly specify the stepping level of the
parts you will be using. This will allow the tools to take advantage of any
available performance and functional enhancements for this device. The latest
stepping level for this device is '2'. Additional information on "stepping
level" is available at support.xilinx.com.
   "inverter" is an NCD, version 3.2, device xc4vlx60, package ff668, speed -11
This design is using the default stepping level (major silicon revision) for
this device (1). Unless your design is targeted at devices of this stepping
level, it is recommended that you explicitly specify the stepping level of the
parts you will be using. This will allow the tools to take advantage of any
available performance and functional enhancements for this device. The latest
stepping level for this device is '2'. Additional information on "stepping
level" is available at support.xilinx.com.
   "nandgate" is an NCD, version 3.2, device xc4vlx60, package ff668, speed -11
This design is using the default stepping level (major silicon revision) for
this device (1). Unless your design is targeted at devices of this stepping
level, it is recommended that you explicitly specify the stepping level of the
parts you will be using. This will allow the tools to take advantage of any
available performance and functional enhancements for this device. The latest
stepping level for this device is '2'. Additional information on "stepping
level" is available at support.xilinx.com.
--------------------------------------------------------------------------------
Release 14.4 Trace  (lin64)
Copyright (c) 1995-2012 Xilinx, Inc.  All rights reserved.

/opt/Xilinx/14.4/ISE_DS/ISE/bin/lin64/unwrapped/trce -e 3 -xml system.twx
system.ncd system.pcf


Design file:              system.ncd
Physical constraint file: system.pcf
Device,speed:             xc4vlx60,-10 (PRODUCTION 1.71 2012-12-04, STEPPING
level 1)
Report level:             error report
--------------------------------------------------------------------------------

INFO:Timing:3412 - To improve timing, see the Timing Closure User Guide (UG612).
INFO:Timing:2752 - To get complete path coverage, use the unconstrained paths
   option. All paths that are not constrained will be reported in the
   unconstrained paths section(s) of the report.
INFO:Timing:3339 - The clock-to-out numbers in this timing report are based on a
   50 Ohm transmission line loading model.  For the details of this model, and
   for more information on accounting for different loading conditions, please
   see the device datasheet.


Timing summary:
---------------

Timing errors: 0  Score: 0 (Setup/Max: 0, Hold: 0)

Constraints cover 321675 paths, 0 nets, and 27026 connections

Design statistics:
   Minimum period:   9.554ns (Maximum frequency: 104.668MHz)


Analysis completed Thu May 10 17:00:40 2018
--------------------------------------------------------------------------------

Generating Report ...

Number of warnings: 0
Number of info messages: 3
Total time: 13 secs 


