Release 14.4 - platgen Xilinx EDK 14.4 Build EDK_P.49d
 (lin64)
Copyright (c) 1995-2012 Xilinx, Inc.  All rights reserved.

Command Line: platgen -p xc4vlx60ff668-10 -lang vhdl -intstyle default -msg
__xps/ise/xmsgprops.lst system.mhs 

Parse /home/adam/RO-PUF/XPS-workspace/hw/system.mhs ...

Read MPD definitions ...

Overriding IP level properties ...

Computing clock values...
INFO:EDK:740 - Cannot determine the input clock associated with port :
   ilmb_cntlr:BRAM_Clk_A. Clock DRCs will not be performed on this core and
   cores connected to it. 
INFO:EDK:740 - Cannot determine the input clock associated with port :
   dlmb_cntlr:BRAM_Clk_A. Clock DRCs will not be performed on this core and
   cores connected to it. 

Performing IP level DRCs on properties...

Running DRC Tcl procedures for OPTION IPLEVEL_DRC_PROC...
Address Map for Processor microblaze_0
  (0000000000-0x00007fff) dlmb_cntlr	dlmb
  (0000000000-0x00007fff) ilmb_cntlr	ilmb
  (0x81800000-0x8180ffff) xps_intc_0	mb_plb
  (0x83c00000-0x83c0ffff) xps_timer_0	mb_plb
  (0x84000000-0x8400ffff) RS232_Uart_1	mb_plb
  (0x84400000-0x8440ffff) mdm_0	mb_plb
  (0xc0600000-0xc060ffff) ring_osc_7	mb_plb
  (0xc0620000-0xc062ffff) ring_osc_6	mb_plb
  (0xc0640000-0xc064ffff) ring_osc_5	mb_plb
  (0xc0660000-0xc066ffff) ring_osc_4	mb_plb
  (0xc0680000-0xc068ffff) ring_osc_3	mb_plb
  (0xc06a0000-0xc06affff) ring_osc_2	mb_plb
  (0xc06c0000-0xc06cffff) ring_osc_1	mb_plb
  (0xc06e0000-0xc06effff) ring_osc_0	mb_plb
  (0xc1a00000-0xc1a0ffff) dut_control_core_0	mb_plb
INFO:EDK:4130 - IPNAME: xps_timer, INSTANCE:xps_timer_0 - tool is overriding
   PARAMETER C_SPLB_MID_WIDTH value to 1 -
   /opt/Xilinx/14.4/ISE_DS/EDK/hw/XilinxProcessorIPLib/pcores/xps_timer_v1_02_a/
   data/xps_timer_v2_1_0.mpd line 87 
INFO:EDK:4130 - IPNAME: xps_timer, INSTANCE:xps_timer_0 - tool is overriding
   PARAMETER C_SPLB_NUM_MASTERS value to 2 -
   /opt/Xilinx/14.4/ISE_DS/EDK/hw/XilinxProcessorIPLib/pcores/xps_timer_v1_02_a/
   data/xps_timer_v2_1_0.mpd line 88 
INFO:EDK:4130 - IPNAME: xps_intc, INSTANCE:xps_intc_0 - tool is overriding
   PARAMETER C_SPLB_NUM_MASTERS value to 2 -
   /opt/Xilinx/14.4/ISE_DS/EDK/hw/XilinxProcessorIPLib/pcores/xps_intc_v2_01_a/d
   ata/xps_intc_v2_1_0.mpd line 83 
INFO:EDK:4130 - IPNAME: mdm, INSTANCE:mdm_0 - tool is overriding PARAMETER
   C_SPLB_MID_WIDTH value to 1 -
   /opt/Xilinx/14.4/ISE_DS/EDK/hw/XilinxProcessorIPLib/pcores/mdm_v2_10_a/data/m
   dm_v2_1_0.mpd line 118 
INFO:EDK:4130 - IPNAME: mdm, INSTANCE:mdm_0 - tool is overriding PARAMETER
   C_SPLB_NUM_MASTERS value to 2 -
   /opt/Xilinx/14.4/ISE_DS/EDK/hw/XilinxProcessorIPLib/pcores/mdm_v2_10_a/data/m
   dm_v2_1_0.mpd line 119 
INFO:EDK:4130 - IPNAME: plb_v46, INSTANCE:mb_plb - tool is overriding PARAMETER
   C_PLBV46_NUM_MASTERS value to 2 -
   /opt/Xilinx/14.4/ISE_DS/EDK/hw/XilinxProcessorIPLib/pcores/plb_v46_v1_05_a/da
   ta/plb_v46_v2_1_0.mpd line 79 
INFO:EDK:4130 - IPNAME: plb_v46, INSTANCE:mb_plb - tool is overriding PARAMETER
   C_PLBV46_NUM_SLAVES value to 13 -
   /opt/Xilinx/14.4/ISE_DS/EDK/hw/XilinxProcessorIPLib/pcores/plb_v46_v1_05_a/da
   ta/plb_v46_v2_1_0.mpd line 80 
INFO:EDK:4130 - IPNAME: plb_v46, INSTANCE:mb_plb - tool is overriding PARAMETER
   C_PLBV46_MID_WIDTH value to 1 -
   /opt/Xilinx/14.4/ISE_DS/EDK/hw/XilinxProcessorIPLib/pcores/plb_v46_v1_05_a/da
   ta/plb_v46_v2_1_0.mpd line 81 
INFO:EDK:4130 - IPNAME: plb_v46, INSTANCE:mb_plb - tool is overriding PARAMETER
   C_PLBV46_DWIDTH value to 32 -
   /opt/Xilinx/14.4/ISE_DS/EDK/hw/XilinxProcessorIPLib/pcores/plb_v46_v1_05_a/da
   ta/plb_v46_v2_1_0.mpd line 83 
INFO:EDK:4130 - IPNAME: bram_block, INSTANCE:lmb_bram - tool is overriding
   PARAMETER C_MEMSIZE value to 0x8000 -
   /opt/Xilinx/14.4/ISE_DS/EDK/hw/XilinxProcessorIPLib/pcores/bram_block_v1_00_a
   /data/bram_block_v2_1_0.mpd line 78 
INFO:EDK:4130 - IPNAME: lmb_v10, INSTANCE:ilmb - tool is overriding PARAMETER
   C_LMB_NUM_SLAVES value to 1 -
   /opt/Xilinx/14.4/ISE_DS/EDK/hw/XilinxProcessorIPLib/pcores/lmb_v10_v2_00_b/da
   ta/lmb_v10_v2_1_0.mpd line 82 
INFO:EDK:4130 - IPNAME: dut_control_core, INSTANCE:dut_control_core_0 - tool is
   overriding PARAMETER C_SPLB_DWIDTH value to 32 -
   /home/adam/RO-PUF/XPS-workspace/hw/pcores/dut_control_core_v1_00_a/data/dut_c
   ontrol_core_v2_1_0.mpd line 27 
INFO:EDK:4130 - IPNAME: dut_control_core, INSTANCE:dut_control_core_0 - tool is
   overriding PARAMETER C_SPLB_NUM_MASTERS value to 2 -
   /home/adam/RO-PUF/XPS-workspace/hw/pcores/dut_control_core_v1_00_a/data/dut_c
   ontrol_core_v2_1_0.mpd line 28 
INFO:EDK:4130 - IPNAME: dut_control_core, INSTANCE:dut_control_core_0 - tool is
   overriding PARAMETER C_SPLB_MID_WIDTH value to 1 -
   /home/adam/RO-PUF/XPS-workspace/hw/pcores/dut_control_core_v1_00_a/data/dut_c
   ontrol_core_v2_1_0.mpd line 29 
INFO:EDK:4130 - IPNAME: lmb_v10, INSTANCE:dlmb - tool is overriding PARAMETER
   C_LMB_NUM_SLAVES value to 1 -
   /opt/Xilinx/14.4/ISE_DS/EDK/hw/XilinxProcessorIPLib/pcores/lmb_v10_v2_00_b/da
   ta/lmb_v10_v2_1_0.mpd line 82 
INFO:EDK:4130 - IPNAME: xps_uartlite, INSTANCE:RS232_Uart_1 - tool is overriding
   PARAMETER C_SPLB_NUM_MASTERS value to 2 -
   /opt/Xilinx/14.4/ISE_DS/EDK/hw/XilinxProcessorIPLib/pcores/xps_uartlite_v1_02
   _a/data/xps_uartlite_v2_1_0.mpd line 84 
INFO:EDK:4130 - IPNAME: ring_osc, INSTANCE:ring_osc_0 - tool is overriding
   PARAMETER C_SPLB_DWIDTH value to 32 -
   /home/adam/RO-PUF/XPS-workspace/hw/pcores/ring_osc_v2_00_a/data/ring_osc_v2_1
   _0.mpd line 27 
INFO:EDK:4130 - IPNAME: ring_osc, INSTANCE:ring_osc_0 - tool is overriding
   PARAMETER C_SPLB_NUM_MASTERS value to 2 -
   /home/adam/RO-PUF/XPS-workspace/hw/pcores/ring_osc_v2_00_a/data/ring_osc_v2_1
   _0.mpd line 28 
INFO:EDK:4130 - IPNAME: ring_osc, INSTANCE:ring_osc_0 - tool is overriding
   PARAMETER C_SPLB_MID_WIDTH value to 1 -
   /home/adam/RO-PUF/XPS-workspace/hw/pcores/ring_osc_v2_00_a/data/ring_osc_v2_1
   _0.mpd line 29 
INFO:EDK:4130 - IPNAME: ring_osc, INSTANCE:ring_osc_1 - tool is overriding
   PARAMETER C_SPLB_DWIDTH value to 32 -
   /home/adam/RO-PUF/XPS-workspace/hw/pcores/ring_osc_v2_00_a/data/ring_osc_v2_1
   _0.mpd line 27 
INFO:EDK:4130 - IPNAME: ring_osc, INSTANCE:ring_osc_1 - tool is overriding
   PARAMETER C_SPLB_NUM_MASTERS value to 2 -
   /home/adam/RO-PUF/XPS-workspace/hw/pcores/ring_osc_v2_00_a/data/ring_osc_v2_1
   _0.mpd line 28 
INFO:EDK:4130 - IPNAME: ring_osc, INSTANCE:ring_osc_1 - tool is overriding
   PARAMETER C_SPLB_MID_WIDTH value to 1 -
   /home/adam/RO-PUF/XPS-workspace/hw/pcores/ring_osc_v2_00_a/data/ring_osc_v2_1
   _0.mpd line 29 
INFO:EDK:4130 - IPNAME: ring_osc, INSTANCE:ring_osc_2 - tool is overriding
   PARAMETER C_SPLB_DWIDTH value to 32 -
   /home/adam/RO-PUF/XPS-workspace/hw/pcores/ring_osc_v2_00_a/data/ring_osc_v2_1
   _0.mpd line 27 
INFO:EDK:4130 - IPNAME: ring_osc, INSTANCE:ring_osc_2 - tool is overriding
   PARAMETER C_SPLB_NUM_MASTERS value to 2 -
   /home/adam/RO-PUF/XPS-workspace/hw/pcores/ring_osc_v2_00_a/data/ring_osc_v2_1
   _0.mpd line 28 
INFO:EDK:4130 - IPNAME: ring_osc, INSTANCE:ring_osc_2 - tool is overriding
   PARAMETER C_SPLB_MID_WIDTH value to 1 -
   /home/adam/RO-PUF/XPS-workspace/hw/pcores/ring_osc_v2_00_a/data/ring_osc_v2_1
   _0.mpd line 29 
INFO:EDK:4130 - IPNAME: ring_osc, INSTANCE:ring_osc_3 - tool is overriding
   PARAMETER C_SPLB_DWIDTH value to 32 -
   /home/adam/RO-PUF/XPS-workspace/hw/pcores/ring_osc_v2_00_a/data/ring_osc_v2_1
   _0.mpd line 27 
INFO:EDK:4130 - IPNAME: ring_osc, INSTANCE:ring_osc_3 - tool is overriding
   PARAMETER C_SPLB_NUM_MASTERS value to 2 -
   /home/adam/RO-PUF/XPS-workspace/hw/pcores/ring_osc_v2_00_a/data/ring_osc_v2_1
   _0.mpd line 28 
INFO:EDK:4130 - IPNAME: ring_osc, INSTANCE:ring_osc_3 - tool is overriding
   PARAMETER C_SPLB_MID_WIDTH value to 1 -
   /home/adam/RO-PUF/XPS-workspace/hw/pcores/ring_osc_v2_00_a/data/ring_osc_v2_1
   _0.mpd line 29 
INFO:EDK:4130 - IPNAME: ring_osc, INSTANCE:ring_osc_4 - tool is overriding
   PARAMETER C_SPLB_DWIDTH value to 32 -
   /home/adam/RO-PUF/XPS-workspace/hw/pcores/ring_osc_v2_00_a/data/ring_osc_v2_1
   _0.mpd line 27 
INFO:EDK:4130 - IPNAME: ring_osc, INSTANCE:ring_osc_4 - tool is overriding
   PARAMETER C_SPLB_NUM_MASTERS value to 2 -
   /home/adam/RO-PUF/XPS-workspace/hw/pcores/ring_osc_v2_00_a/data/ring_osc_v2_1
   _0.mpd line 28 
INFO:EDK:4130 - IPNAME: ring_osc, INSTANCE:ring_osc_4 - tool is overriding
   PARAMETER C_SPLB_MID_WIDTH value to 1 -
   /home/adam/RO-PUF/XPS-workspace/hw/pcores/ring_osc_v2_00_a/data/ring_osc_v2_1
   _0.mpd line 29 
INFO:EDK:4130 - IPNAME: ring_osc, INSTANCE:ring_osc_5 - tool is overriding
   PARAMETER C_SPLB_DWIDTH value to 32 -
   /home/adam/RO-PUF/XPS-workspace/hw/pcores/ring_osc_v2_00_a/data/ring_osc_v2_1
   _0.mpd line 27 
INFO:EDK:4130 - IPNAME: ring_osc, INSTANCE:ring_osc_5 - tool is overriding
   PARAMETER C_SPLB_NUM_MASTERS value to 2 -
   /home/adam/RO-PUF/XPS-workspace/hw/pcores/ring_osc_v2_00_a/data/ring_osc_v2_1
   _0.mpd line 28 
INFO:EDK:4130 - IPNAME: ring_osc, INSTANCE:ring_osc_5 - tool is overriding
   PARAMETER C_SPLB_MID_WIDTH value to 1 -
   /home/adam/RO-PUF/XPS-workspace/hw/pcores/ring_osc_v2_00_a/data/ring_osc_v2_1
   _0.mpd line 29 
INFO:EDK:4130 - IPNAME: ring_osc, INSTANCE:ring_osc_6 - tool is overriding
   PARAMETER C_SPLB_DWIDTH value to 32 -
   /home/adam/RO-PUF/XPS-workspace/hw/pcores/ring_osc_v2_00_a/data/ring_osc_v2_1
   _0.mpd line 27 
INFO:EDK:4130 - IPNAME: ring_osc, INSTANCE:ring_osc_6 - tool is overriding
   PARAMETER C_SPLB_NUM_MASTERS value to 2 -
   /home/adam/RO-PUF/XPS-workspace/hw/pcores/ring_osc_v2_00_a/data/ring_osc_v2_1
   _0.mpd line 28 
INFO:EDK:4130 - IPNAME: ring_osc, INSTANCE:ring_osc_6 - tool is overriding
   PARAMETER C_SPLB_MID_WIDTH value to 1 -
   /home/adam/RO-PUF/XPS-workspace/hw/pcores/ring_osc_v2_00_a/data/ring_osc_v2_1
   _0.mpd line 29 
INFO:EDK:4130 - IPNAME: ring_osc, INSTANCE:ring_osc_7 - tool is overriding
   PARAMETER C_SPLB_DWIDTH value to 32 -
   /home/adam/RO-PUF/XPS-workspace/hw/pcores/ring_osc_v2_00_a/data/ring_osc_v2_1
   _0.mpd line 27 
INFO:EDK:4130 - IPNAME: ring_osc, INSTANCE:ring_osc_7 - tool is overriding
   PARAMETER C_SPLB_NUM_MASTERS value to 2 -
   /home/adam/RO-PUF/XPS-workspace/hw/pcores/ring_osc_v2_00_a/data/ring_osc_v2_1
   _0.mpd line 28 
INFO:EDK:4130 - IPNAME: ring_osc, INSTANCE:ring_osc_7 - tool is overriding
   PARAMETER C_SPLB_MID_WIDTH value to 1 -
   /home/adam/RO-PUF/XPS-workspace/hw/pcores/ring_osc_v2_00_a/data/ring_osc_v2_1
   _0.mpd line 29 

Checking platform address map ...

Checking platform configuration ...
IPNAME: plb_v46, INSTANCE: mb_plb - 2 master(s) : 13 slave(s) 
IPNAME: lmb_v10, INSTANCE: ilmb - 1 master(s) : 1 slave(s) 
IPNAME: lmb_v10, INSTANCE: dlmb - 1 master(s) : 1 slave(s) 

Checking port drivers...
WARNING:EDK:4181 - PORT: Peripheral_Reset, CONNECTOR: sys_periph_reset -
   floating connection - /home/adam/RO-PUF/XPS-workspace/hw/system.mhs line 45 
WARNING:EDK:4181 - PORT: Res, CONNECTOR: fpga_0_ORGate_1_Res_pin - floating
   connection - /home/adam/RO-PUF/XPS-workspace/hw/system.mhs line 168 

Performing Clock DRCs...

Performing Reset DRCs...

Overriding system level properties...
INFO:EDK:4130 - IPNAME: xps_intc, INSTANCE:xps_intc_0 - tcl is overriding
   PARAMETER C_NUM_INTR_INPUTS value to 1 -
   /opt/Xilinx/14.4/ISE_DS/EDK/hw/XilinxProcessorIPLib/pcores/xps_intc_v2_01_a/d
   ata/xps_intc_v2_1_0.mpd line 87 
INFO:EDK:4130 - IPNAME: xps_intc, INSTANCE:xps_intc_0 - tcl is overriding
   PARAMETER C_KIND_OF_INTR value to 0b11111111111111111111111111111111 -
   /opt/Xilinx/14.4/ISE_DS/EDK/hw/XilinxProcessorIPLib/pcores/xps_intc_v2_01_a/d
   ata/xps_intc_v2_1_0.mpd line 88 
INFO:EDK:4130 - IPNAME: xps_intc, INSTANCE:xps_intc_0 - tcl is overriding
   PARAMETER C_KIND_OF_EDGE value to 0b11111111111111111111111111111111 -
   /opt/Xilinx/14.4/ISE_DS/EDK/hw/XilinxProcessorIPLib/pcores/xps_intc_v2_01_a/d
   ata/xps_intc_v2_1_0.mpd line 89 
INFO:EDK:4130 - IPNAME: xps_intc, INSTANCE:xps_intc_0 - tcl is overriding
   PARAMETER C_KIND_OF_LVL value to 0b11111111111111111111111111111111 -
   /opt/Xilinx/14.4/ISE_DS/EDK/hw/XilinxProcessorIPLib/pcores/xps_intc_v2_01_a/d
   ata/xps_intc_v2_1_0.mpd line 90 
INFO:EDK:4130 - IPNAME: microblaze, INSTANCE:microblaze_0 - tcl is overriding
   PARAMETER C_D_PLB value to 1 -
   /opt/Xilinx/14.4/ISE_DS/EDK/hw/XilinxProcessorIPLib/pcores/microblaze_v8_40_b
   /data/microblaze_v2_1_0.mpd line 231 
INFO:EDK:4130 - IPNAME: microblaze, INSTANCE:microblaze_0 - tcl is overriding
   PARAMETER C_I_PLB value to 1 -
   /opt/Xilinx/14.4/ISE_DS/EDK/hw/XilinxProcessorIPLib/pcores/microblaze_v8_40_b
   /data/microblaze_v2_1_0.mpd line 234 
INFO:EDK:4130 - IPNAME: microblaze, INSTANCE:microblaze_0 - tcl is overriding
   PARAMETER C_ADDR_TAG_BITS value to 0 -
   /opt/Xilinx/14.4/ISE_DS/EDK/hw/XilinxProcessorIPLib/pcores/microblaze_v8_40_b
   /data/microblaze_v2_1_0.mpd line 335 
INFO:EDK:4130 - IPNAME: microblaze, INSTANCE:microblaze_0 - tcl is overriding
   PARAMETER C_DCACHE_ADDR_TAG value to 0 -
   /opt/Xilinx/14.4/ISE_DS/EDK/hw/XilinxProcessorIPLib/pcores/microblaze_v8_40_b
   /data/microblaze_v2_1_0.mpd line 365 
INFO:EDK:4130 - IPNAME: microblaze, INSTANCE:microblaze_0 - tcl is overriding
   PARAMETER C_USE_INTERRUPT value to 1 -
   /opt/Xilinx/14.4/ISE_DS/EDK/hw/XilinxProcessorIPLib/pcores/microblaze_v8_40_b
   /data/microblaze_v2_1_0.mpd line 399 
INFO:EDK:4130 - IPNAME: microblaze, INSTANCE:microblaze_0 - tcl is overriding
   PARAMETER C_USE_EXT_BRK value to 1 -
   /opt/Xilinx/14.4/ISE_DS/EDK/hw/XilinxProcessorIPLib/pcores/microblaze_v8_40_b
   /data/microblaze_v2_1_0.mpd line 400 
INFO:EDK:4130 - IPNAME: microblaze, INSTANCE:microblaze_0 - tcl is overriding
   PARAMETER C_USE_EXT_NM_BRK value to 1 -
   /opt/Xilinx/14.4/ISE_DS/EDK/hw/XilinxProcessorIPLib/pcores/microblaze_v8_40_b
   /data/microblaze_v2_1_0.mpd line 401 
INFO:EDK:4130 - IPNAME: lmb_bram_if_cntlr, INSTANCE:ilmb_cntlr - tcl is
   overriding PARAMETER C_MASK value to 0x80000000 -
   /opt/Xilinx/14.4/ISE_DS/EDK/hw/XilinxProcessorIPLib/pcores/lmb_bram_if_cntlr_
   v3_10_c/data/lmb_bram_if_cntlr_v2_1_0.mpd line 92 
INFO:EDK:4130 - IPNAME: lmb_bram_if_cntlr, INSTANCE:dlmb_cntlr - tcl is
   overriding PARAMETER C_MASK value to 0x80000000 -
   /opt/Xilinx/14.4/ISE_DS/EDK/hw/XilinxProcessorIPLib/pcores/lmb_bram_if_cntlr_
   v3_10_c/data/lmb_bram_if_cntlr_v2_1_0.mpd line 92 

Running system level update procedures...

Running UPDATE Tcl procedures for OPTION SYSLEVEL_UPDATE_PROC...

Running system level DRCs...

Performing System level DRCs on properties...

Running DRC Tcl procedures for OPTION SYSLEVEL_DRC_PROC...

Running UPDATE Tcl procedures for OPTION PLATGEN_SYSLEVEL_UPDATE_PROC...
INFO: The microblaze_0 core has constraints automatically generated by XPS in
implementation/microblaze_0_wrapper/microblaze_0_wrapper.ucf.
It can be overridden by constraints placed in the system.ucf file.

INFO: The ilmb core has constraints automatically generated by XPS in
implementation/ilmb_wrapper/ilmb_wrapper.ucf.
It can be overridden by constraints placed in the system.ucf file.

INFO: The dlmb core has constraints automatically generated by XPS in
implementation/dlmb_wrapper/dlmb_wrapper.ucf.
It can be overridden by constraints placed in the system.ucf file.


Modify defaults ...

Creating stub ...

Processing licensed instances ...
Completion time: 0.00 seconds

Creating hardware output directories ...

Managing hardware (BBD-specified) netlist files ...

Managing cache ...
IPNAME:xps_timer INSTANCE:xps_timer_0 -
/home/adam/RO-PUF/XPS-workspace/hw/system.mhs line 16 - Copying cache
implementation netlist
IPNAME:xps_intc INSTANCE:xps_intc_0 -
/home/adam/RO-PUF/XPS-workspace/hw/system.mhs line 25 - Copying cache
implementation netlist
IPNAME:proc_sys_reset INSTANCE:proc_sys_reset_0 -
/home/adam/RO-PUF/XPS-workspace/hw/system.mhs line 35 - Copying cache
implementation netlist
IPNAME:microblaze INSTANCE:microblaze_0 -
/home/adam/RO-PUF/XPS-workspace/hw/system.mhs line 48 - Copying cache
implementation netlist
IPNAME:mdm INSTANCE:mdm_0 - /home/adam/RO-PUF/XPS-workspace/hw/system.mhs line
62 - Copying cache implementation netlist
IPNAME:plb_v46 INSTANCE:mb_plb - /home/adam/RO-PUF/XPS-workspace/hw/system.mhs
line 74 - Copying cache implementation netlist
IPNAME:bram_block INSTANCE:lmb_bram -
/home/adam/RO-PUF/XPS-workspace/hw/system.mhs line 81 - Copying cache
implementation netlist
IPNAME:lmb_bram_if_cntlr INSTANCE:ilmb_cntlr -
/home/adam/RO-PUF/XPS-workspace/hw/system.mhs line 88 - Copying cache
implementation netlist
IPNAME:lmb_v10 INSTANCE:ilmb - /home/adam/RO-PUF/XPS-workspace/hw/system.mhs
line 97 - Copying cache implementation netlist
IPNAME:dut_control_core INSTANCE:dut_control_core_0 -
/home/adam/RO-PUF/XPS-workspace/hw/system.mhs line 104 - Copying cache
implementation netlist
IPNAME:lmb_bram_if_cntlr INSTANCE:dlmb_cntlr -
/home/adam/RO-PUF/XPS-workspace/hw/system.mhs line 117 - Copying cache
implementation netlist
IPNAME:lmb_v10 INSTANCE:dlmb - /home/adam/RO-PUF/XPS-workspace/hw/system.mhs
line 126 - Copying cache implementation netlist
IPNAME:xps_uartlite INSTANCE:rs232_uart_1 -
/home/adam/RO-PUF/XPS-workspace/hw/system.mhs line 148 - Copying cache
implementation netlist
IPNAME:util_reduced_logic INSTANCE:orgate_1 -
/home/adam/RO-PUF/XPS-workspace/hw/system.mhs line 162 - Copying cache
implementation netlist
IPNAME:ring_osc INSTANCE:ring_osc_0 -
/home/adam/RO-PUF/XPS-workspace/hw/system.mhs line 171 - Copying cache
implementation netlist
IPNAME:ring_osc INSTANCE:ring_osc_1 -
/home/adam/RO-PUF/XPS-workspace/hw/system.mhs line 179 - Copying cache
implementation netlist
IPNAME:ring_osc INSTANCE:ring_osc_2 -
/home/adam/RO-PUF/XPS-workspace/hw/system.mhs line 187 - Copying cache
implementation netlist
IPNAME:ring_osc INSTANCE:ring_osc_3 -
/home/adam/RO-PUF/XPS-workspace/hw/system.mhs line 195 - Copying cache
implementation netlist
IPNAME:ring_osc INSTANCE:ring_osc_4 -
/home/adam/RO-PUF/XPS-workspace/hw/system.mhs line 203 - Copying cache
implementation netlist
IPNAME:ring_osc INSTANCE:ring_osc_5 -
/home/adam/RO-PUF/XPS-workspace/hw/system.mhs line 211 - Copying cache
implementation netlist
IPNAME:ring_osc INSTANCE:ring_osc_6 -
/home/adam/RO-PUF/XPS-workspace/hw/system.mhs line 219 - Copying cache
implementation netlist
IPNAME:ring_osc INSTANCE:ring_osc_7 -
/home/adam/RO-PUF/XPS-workspace/hw/system.mhs line 227 - Copying cache
implementation netlist

Elaborating instances ...
IPNAME:bram_block INSTANCE:lmb_bram -
/home/adam/RO-PUF/XPS-workspace/hw/system.mhs line 81 - elaborating IP
IPNAME:clock_generator INSTANCE:clock_generator_0 -
/home/adam/RO-PUF/XPS-workspace/hw/system.mhs line 133 - elaborating IP
ClkGen elaborate status: PASSED
----------------------------------------
----------------------------------------

Writing HDL for elaborated instances ...

Inserting wrapper level ...
Completion time: 0.00 seconds

Constructing platform-level connectivity ...
Completion time: 0.00 seconds

Writing (top-level) BMM ...

Writing (top-level and wrappers) HDL ...

Generating synthesis project file ...

Running XST synthesis ...

INFO:EDK:4211 - The following instances are synthesized with XST. The MPD option
   IMP_NETLIST=TRUE indicates that a NGC file is to be produced using XST
   synthesis. IMP_NETLIST=FALSE (default) instances are not synthesized. 
INSTANCE:dut_control_core_0 - /home/adam/RO-PUF/XPS-workspace/hw/system.mhs line
104 - Running XST synthesis
INSTANCE:clock_generator_0 - /home/adam/RO-PUF/XPS-workspace/hw/system.mhs line
133 - Running XST synthesis
INSTANCE:ring_osc_0 - /home/adam/RO-PUF/XPS-workspace/hw/system.mhs line 171 -
Running XST synthesis
ERROR:EDK:546 - Aborting XST flow execution!
INFO:EDK:2246 - Refer to
   /home/adam/RO-PUF/XPS-workspace/hw/synthesis/system_ring_osc_0_wrapper_xst.sr
   p for details

Running NGCBUILD ...
IPNAME:system_clock_generator_0_wrapper INSTANCE:clock_generator_0 -
/home/adam/RO-PUF/XPS-workspace/hw/system.mhs line 133 - Running NGCBUILD
INFO:EDK:3509 - NCF files should not be modified as they will be regenerated.
   If any constraint needs to be overridden, this should be done by modifying
   the data/system.ucf file.

Rebuilding cache ...
ERROR:EDK:440 - platgen failed with errors!
