WARNING:EDK:878 - Could not find IP doc
   http://www.xilinx.com/cgi-bin/docs/ipdoc?c=xps_timer;v=v1_02_a;d=xps_timer.pd
   f
WARNING:EDK:878 - Could not find IP doc
   http://www.xilinx.com/cgi-bin/docs/ipdoc?c=xps_intc;v=v2_01_a;d=xps_intc.pdf
WARNING:EDK:878 - Could not find IP doc
   http://www.xilinx.com/cgi-bin/docs/ipdoc?c=proc_sys_reset;v=v3_00_a;d=proc_sy
   s_reset.pdf
WARNING:EDK:878 - Could not find IP doc
   http://www.xilinx.com/cgi-bin/docs/ipdoc?c=mdm;v=v2_10_a;d=pg062-mdm.pdf
WARNING:EDK:878 - Could not find IP doc
   http://www.xilinx.com/cgi-bin/docs/ipdoc?c=plb_v46;v=v1_05_a;d=plb_v46.pdf
WARNING:EDK:878 - Could not find IP doc
   http://www.xilinx.com/cgi-bin/docs/ipdoc?c=bram_block;v=v1_00_a;d=bram_block.
   pdf
WARNING:EDK:878 - Could not find IP doc
   http://www.xilinx.com/cgi-bin/docs/ipdoc?c=lmb_bram_if_cntlr;v=v3_10_c;d=pg06
   1-lmb-bram-if-cntlr.pdf
WARNING:EDK:878 - Could not find IP doc
   http://www.xilinx.com/cgi-bin/docs/ipdoc?c=lmb_v10;v=v2_00_b;d=pg087-lmb-v10.
   pdf
WARNING:EDK:878 - Could not find IP doc
   http://www.xilinx.com/cgi-bin/docs/ipdoc?c=lmb_bram_if_cntlr;v=v3_10_c;d=pg06
   1-lmb-bram-if-cntlr.pdf
WARNING:EDK:878 - Could not find IP doc
   http://www.xilinx.com/cgi-bin/docs/ipdoc?c=lmb_v10;v=v2_00_b;d=pg087-lmb-v10.
   pdf
WARNING:EDK:878 - Could not find IP doc
   http://www.xilinx.com/cgi-bin/docs/ipdoc?c=clock_generator;v=v4_03_a;d=clock_
   generator.pdf
WARNING:EDK:878 - Could not find IP doc
   http://www.xilinx.com/cgi-bin/docs/ipdoc?c=xps_uartlite;v=v1_02_a;d=xps_uartl
   ite.pdf
Generated Block Diagram.
Rasterizing xps_timer_0.jpg.....
Rasterizing xps_intc_0.jpg.....
Rasterizing proc_sys_reset_0.jpg.....
Rasterizing microblaze_0.jpg.....
Rasterizing mdm_0.jpg.....
Rasterizing mb_plb.jpg.....
Rasterizing lmb_bram.jpg.....
Rasterizing ilmb_cntlr.jpg.....
Rasterizing ilmb.jpg.....
Rasterizing dut_control_core_0.jpg.....
Rasterizing dlmb_cntlr.jpg.....
Rasterizing dlmb.jpg.....
Rasterizing clock_generator_0.jpg.....
Rasterizing RS232_Uart_1.jpg.....
Rasterizing ORGate_1.jpg.....
Rasterizing counter_0.jpg.....
Rasterizing counter_1.jpg.....
Rasterizing counter_2.jpg.....
Rasterizing counter_3.jpg.....
Rasterizing counter_4.jpg.....
Rasterizing counter_5.jpg.....
Rasterizing counter_6.jpg.....
Rasterizing counter_7.jpg.....
Rasterizing system_blkd.jpg.....
Report generated.
Report generation completed.
